2.9602 	WARNING 	We strongly recommend you activate the PTB sound engine in PsychoPy prefs as the preferred audio engine. Its timing is vastly superior. Your prefs are currently set to use ['sounddevice', 'PTB', 'pyo', 'pygame'] (in that order).
6.3311 	EXP 	Created window1 = Window(allowGUI=True, allowStencil=False, autoLog=True, backendConf=UNKNOWN, bitsMode=UNKNOWN, blendMode='avg', bpc=(8, 8, 8), color=array([0, 0, 0]), colorSpace='rgb', depthBits=8, fullscr=<method-wrapper '__getattribute__' of attributeSetter object at 0x00000249E6525B20>, gamma=None, gammaErrorPolicy='raise', lms=UNKNOWN, monitor=<psychopy.monitors.calibTools.Monitor object at 0x00000249E98CFF70>, multiSample=False, name='window1', numSamples=2, pos=(420, 180), screen=0, size=array([1080,  720]), stencilBits=0, stereo=False, units='height', useFBO=True, useRetina=False, viewOri=0.0, viewPos=None, viewScale=None, waitBlanking=True, winType='pyglet')
6.3316 	EXP 	window1: mouseVisible = True
6.3317 	EXP 	window1: mouseVisible = True
6.3317 	EXP 	window1: Attempting to measure frame rate of screen (0) ...
6.3317 	EXP 	window1: recordFrameIntervals = False
6.4967 	EXP 	window1: recordFrameIntervals = True
6.6822 	EXP 	Screen (0) actual frame rate measured at 59.66Hz
6.6823 	EXP 	window1: recordFrameIntervals = False
6.7763 	WARNING 	launchHubServer: If using the iohub mouse or eyetracker devices, fullScr should be True.
8.8771 	EXP 	Created welcome_text = TextStim(__class__=<class 'psychopy.visual.text.TextStim'>, alignHoriz=method-wrapper(...), alignText='center', alignVert=method-wrapper(...), anchorHoriz='center', anchorVert='center', antialias=True, autoDraw=False, autoLog=True, bold=False, color=array([1, 1, 1]), colorSpace='rgb', contrast=1.0, depth=0.0, flipHoriz=False, flipVert=False, font='Open Sans', fontFiles=[], height=0.029999999999999995, italic=False, languageStyle='LTR', name='welcome_text', opacity=1.0, ori=0.0, pos=array([0., 0.]), rgb=UNKNOWN, text=str(...), units='height', win=Window(...), wrapWidth=1)
8.8875 	EXP 	Created familiarization_shiny = TextStim(__class__=<class 'psychopy.visual.text.TextStim'>, alignHoriz=method-wrapper(...), alignText='center', alignVert=method-wrapper(...), anchorHoriz='center', anchorVert='center', antialias=True, autoDraw=False, autoLog=True, bold=False, color=array([1, 1, 1]), colorSpace='rgb', contrast=1.0, depth=0.0, flipHoriz=False, flipVert=False, font='Open Sans', fontFiles=[], height=0.029999999999999995, italic=False, languageStyle='LTR', name='familiarization_shiny', opacity=1.0, ori=0.0, pos=array([0., 0.]), rgb=UNKNOWN, text=str(...), units='height', win=Window(...), wrapWidth=1)
8.8882 	EXP 	Created skip_text = TextStim(__class__=<class 'psychopy.visual.text.TextStim'>, alignHoriz=method-wrapper(...), alignText='center', alignVert=method-wrapper(...), anchorHoriz='center', anchorVert='center', antialias=True, autoDraw=False, autoLog=True, bold=False, color=array([1, 1, 1]), colorSpace='rgb', contrast=1.0, depth=-3.0, flipHoriz=False, flipVert=False, font='Open Sans', fontFiles=[], height=0.03, italic=False, languageStyle='LTR', name='skip_text', opacity=1.0, ori=0.0, pos=array([ 0. , -0.3]), rgb=UNKNOWN, text='', units='height', win=Window(...), wrapWidth=1)
8.8894 	EXP 	Created blank_100ms = TextStim(__class__=<class 'psychopy.visual.text.TextStim'>, alignHoriz=method-wrapper(...), alignText='center', alignVert=method-wrapper(...), anchorHoriz='center', anchorVert='center', antialias=True, autoDraw=False, autoLog=True, bold=False, color=array([1, 1, 1]), colorSpace='rgb', contrast=1.0, depth=0.0, flipHoriz=False, flipVert=False, font='Open Sans', fontFiles=[], height=0.05, italic=False, languageStyle='LTR', name='blank_100ms', opacity=1.0, ori=0.0, pos=array([0., 0.]), rgb=UNKNOWN, text='', units='height', win=Window(...), wrapWidth=1)
8.8978 	EXP 	Created text_Matte = TextStim(__class__=<class 'psychopy.visual.text.TextStim'>, alignHoriz=method-wrapper(...), alignText='center', alignVert=method-wrapper(...), anchorHoriz='center', anchorVert='center', antialias=True, autoDraw=False, autoLog=True, bold=False, color=array([1, 1, 1]), colorSpace='rgb', contrast=1.0, depth=-1.0, flipHoriz=False, flipVert=False, font='Open Sans', fontFiles=[], height=0.029999999999999995, italic=False, languageStyle='LTR', name='text_Matte', opacity=1.0, ori=0.0, pos=array([0., 0.]), rgb=UNKNOWN, text=str(...), units='height', win=Window(...), wrapWidth=1)
8.9139 	EXP 	Created remindText = TextStim(__class__=<class 'psychopy.visual.text.TextStim'>, alignHoriz=method-wrapper(...), alignText='center', alignVert=method-wrapper(...), anchorHoriz='center', anchorVert='center', antialias=True, autoDraw=False, autoLog=True, bold=False, color=array([1, 1, 1]), colorSpace='rgb', contrast=1.0, depth=0.0, flipHoriz=False, flipVert=False, font='Open Sans', fontFiles=[], height=0.029999999999999995, italic=False, languageStyle='LTR', name='remindText', opacity=1.0, ori=0.0, pos=array([0., 0.]), rgb=UNKNOWN, text=str(...), units='height', win=Window(...), wrapWidth=1)
8.9146 	EXP 	Created question_gloss = TextStim(__class__=<class 'psychopy.visual.text.TextStim'>, alignHoriz=method-wrapper(...), alignText='center', alignVert=method-wrapper(...), anchorHoriz='center', anchorVert='center', antialias=True, autoDraw=False, autoLog=True, bold=False, color=array([1, 1, 1]), colorSpace='rgb', contrast=1.0, depth=-3.0, flipHoriz=False, flipVert=False, font='Open Sans', fontFiles=[], height=0.03, italic=False, languageStyle='LTR', name='question_gloss', opacity=1.0, ori=0.0, pos=array([0.  , 0.35]), rgb=UNKNOWN, text='', units='height', win=Window(...), wrapWidth=1)
8.9156 	EXP 	Created text = TextStim(__class__=<class 'psychopy.visual.text.TextStim'>, alignHoriz=method-wrapper(...), alignText='center', alignVert=method-wrapper(...), anchorHoriz='center', anchorVert='center', antialias=True, autoDraw=False, autoLog=True, bold=False, color=array([1, 1, 1]), colorSpace='rgb', contrast=1.0, depth=0.0, flipHoriz=False, flipVert=False, font='Open Sans', fontFiles=[], height=0.05, italic=False, languageStyle='LTR', name='text', opacity=1.0, ori=0.0, pos=array([0., 0.]), rgb=UNKNOWN, text='', units='height', win=Window(...), wrapWidth=1)
8.9234 	EXP 	Created endText = TextStim(__class__=<class 'psychopy.visual.text.TextStim'>, alignHoriz=method-wrapper(...), alignText='center', alignVert=method-wrapper(...), anchorHoriz='center', anchorVert='center', antialias=True, autoDraw=False, autoLog=True, bold=False, color=array([1, 1, 1]), colorSpace='rgb', contrast=1.0, depth=0.0, flipHoriz=False, flipVert=False, font='Open Sans', fontFiles=[], height=0.029999999999999995, italic=False, languageStyle='LTR', name='endText', opacity=1.0, ori=0.0, pos=array([0., 0.]), rgb=UNKNOWN, text=str(...), units='height', win=Window(...), wrapWidth=1)
8.9330 	EXP 	welcome_text: autoDraw = True
10.0673 	DATA 	Keypress: space
10.0811 	EXP 	welcome_text: autoDraw = False
10.1811 	EXP 	familiarization_shiny: autoDraw = True
10.4264 	EXP 	Imported glossy_examplar_objects.csv as conditions, 2 conditions, 23 params
10.4267 	EXP 	Created sequence: sequential, trialTypes=2, nReps=1, seed=None
10.4273 	EXP 	New trial (rep=0, index=0): OrderedDict([('test_object', 120), ('true_type', 0), ('classified_as', 0), ('decision_value', -16.56748621), ('material_name', 'shiny_soft_gothicManor_None_[90, 0, 0]_[90, 0, 0]_WIND_1.067_0_4'), ('rigidity', 'soft'), ('glossiness', 'shiny'), ('decision_value_norm', -0.735730726), ('Glossiness', 'shiny'), ('Rigidity', 'soft'), ('Enviroment_Map', 'gothicManor'), ('Texture', 'None'), ('init_rot', [90, 0, 0]), ('end_rot', [90, 0, 0]), ('Force', 'WIND'), ('disp_scale', 1.067), ('disp_depth', 0), ('glossID', 0), ('rigidID', 1), ('type_truncted', 1), ('type8way', -1), ('detail', -1), ('obj_dir', 'validationSet_v7_movies/120.mp4')])
10.6151 	EXP 	Created shiny_ex_trials = MovieStim3(__class__=<class 'psychopy.visual.movie3.MovieStim3'>, anchor=('center', 'center'), autoLog=True, color=UNKNOWN, colorSpace=UNKNOWN, depth=-1.0, filename='validationSet_v7_movies/120.mp4', flipHoriz=False, flipVert=False, fps=UNKNOWN, interpolate=True, loop=True, name='shiny_ex_trials', noAudio=True, opacity=1, ori=method-wrapper(...), pos=array([0., 0.]), size=None, units='pix', vframe_callback=UNKNOWN, volume=UNKNOWN, win=Window(...))
10.7564 	WARNING 	0.14132080000126734: Video catchup needed, advancing self._nextFrameT from 0.0 to 0.04
10.7565 	WARNING 	0.14135420002276078: Video catchup needed, advancing self._nextFrameT from 0.04 to 0.08
10.7713 	DATA 	Keypress: space
10.7798 	EXP 	familiarization_shiny: autoDraw = False
10.7798 	EXP 	shiny_ex_trials: autoLog = True
10.7798 	EXP 	shiny_ex_trials: movie = 'validationSet_v7_movies/120.mp4'
10.7798 	EXP 	shiny_ex_trials: ori = 0.0
10.7798 	EXP 	skip_text: height = 0.029999999999999995
10.7798 	EXP 	skip_text: height = 0.029999999999999995
10.7798 	EXP 	skip_text: height = 0.029999999999999995
10.7798 	EXP 	skip_text: text = "It is a SHINY object\n\nPress 'Space' to see next"
10.7798 	EXP 	shiny_ex_trials: autoDraw = True
10.7798 	EXP 	skip_text: autoDraw = True
11.3354 	DATA 	Keypress: space
11.3483 	EXP 	shiny_ex_trials: autoDraw = False
11.3483 	EXP 	skip_text: autoDraw = False
11.3483 	EXP 	blank_100ms: autoDraw = True
11.3483 	EXP 	text_Matte: autoDraw = True
11.3483 	EXP 	text_Matte: autoDraw = False
11.4484 	EXP 	blank_100ms: autoDraw = False
11.5327 	EXP 	New trial (rep=0, index=1): OrderedDict([('test_object', 28), ('true_type', 0), ('classified_as', 0), ('decision_value', -16.55869697), ('material_name', 'shiny_soft_uenoShrine_None_[51, 0, 0]_[51, 0, 0]_TURBULENCE_0.941_0_10'), ('rigidity', 'soft'), ('glossiness', 'shiny'), ('decision_value_norm', -0.735406954), ('Glossiness', 'shiny'), ('Rigidity', 'soft'), ('Enviroment_Map', 'uenoShrine'), ('Texture', 'None'), ('init_rot', [51, 0, 0]), ('end_rot', [51, 0, 0]), ('Force', 'TURBULENCE'), ('disp_scale', 0.941), ('disp_depth', 0), ('glossID', 0), ('rigidID', 1), ('type_truncted', 1), ('type8way', -1), ('detail', -1), ('obj_dir', 'validationSet_v7_movies/28.mp4')])
11.5336 	EXP 	Created shiny_ex_trials = MovieStim3(__class__=<class 'psychopy.visual.movie3.MovieStim3'>, anchor=('center', 'center'), autoLog=True, color=UNKNOWN, colorSpace=UNKNOWN, depth=-1.0, filename='validationSet_v7_movies/28.mp4', flipHoriz=False, flipVert=False, fps=UNKNOWN, interpolate=True, loop=True, name='shiny_ex_trials', noAudio=True, opacity=1, ori=method-wrapper(...), pos=array([0., 0.]), size=None, units='pix', vframe_callback=UNKNOWN, volume=UNKNOWN, win=Window(...))
11.6690 	WARNING 	0.13545639999210835: Video catchup needed, advancing self._nextFrameT from 0.0 to 0.04
11.6691 	WARNING 	0.13550360000226647: Video catchup needed, advancing self._nextFrameT from 0.04 to 0.08
11.6806 	EXP 	blank_100ms: autoDraw = False
11.6806 	EXP 	text_Matte: autoDraw = False
11.6806 	EXP 	shiny_ex_trials: autoLog = True
11.6806 	EXP 	shiny_ex_trials: movie = 'validationSet_v7_movies/28.mp4'
11.6806 	EXP 	shiny_ex_trials: ori = 0.0
11.6806 	EXP 	skip_text: text = "It is a SHINY object\n\nPress 'Space' to see next"
11.6806 	EXP 	shiny_ex_trials: autoDraw = True
11.6806 	EXP 	skip_text: autoDraw = True
12.0357 	DATA 	Keypress: space
12.0660 	EXP 	shiny_ex_trials: autoDraw = False
12.0660 	EXP 	skip_text: autoDraw = False
12.0660 	EXP 	blank_100ms: autoDraw = True
12.0660 	EXP 	text_Matte: autoDraw = True
12.0660 	EXP 	text_Matte: autoDraw = False
12.1660 	EXP 	blank_100ms: autoDraw = False
12.2503 	EXP 	blank_100ms: autoDraw = False
12.2503 	EXP 	text_Matte: autoDraw = False
12.2503 	EXP 	remindText: autoDraw = True
12.7860 	DATA 	Keypress: space
12.8182 	EXP 	Imported glossy_exp_objects.csv as conditions, 20 conditions, 23 params
12.8188 	EXP 	Created sequence: sequential, trialTypes=20, nReps=5, seed=None
12.8196 	EXP 	New trial (rep=0, index=0): OrderedDict([('test_object', 126), ('true_type', 0), ('classified_as', 0), ('decision_value', -23.74143063), ('material_name', 'shiny_soft_gothicManor_None_[7, 0, 0]_[7, 0, 0]_CHARGE_1.961_1_5'), ('rigidity', 'soft'), ('glossiness', 'shiny'), ('decision_value_norm', -1.0), ('Glossiness', 'shiny'), ('Rigidity', 'soft'), ('Enviroment_Map', 'gothicManor'), ('Texture', 'None'), ('init_rot', [7, 0, 0]), ('end_rot', [7, 0, 0]), ('Force', 'CHARGE'), ('disp_scale', 1.961), ('disp_depth', 1), ('glossID', 0), ('rigidID', 1), ('type_truncted', 1), ('type8way', -1), ('detail', -1), ('obj_dir', 'validationSet_v7_movies/126.mp4')])
12.8242 	EXP 	Created high_gloss = MovieStim3(__class__=<class 'psychopy.visual.movie3.MovieStim3'>, anchor=('center', 'center'), autoLog=True, color=UNKNOWN, colorSpace=UNKNOWN, depth=-4.0, filename='validationSet_v7_movies/182.mp4', flipHoriz=False, flipVert=False, fps=UNKNOWN, interpolate=True, loop=True, name='high_gloss', noAudio=True, opacity=1, ori=method-wrapper(...), pos=array([-270.,    0.]), size=None, units='pix', vframe_callback=UNKNOWN, volume=UNKNOWN, win=Window(...))
12.9738 	WARNING 	0.14955199998803437: Video catchup needed, advancing self._nextFrameT from 0.0 to 0.04
12.9738 	WARNING 	0.14958579998346977: Video catchup needed, advancing self._nextFrameT from 0.04 to 0.08
12.9766 	EXP 	Created low_gloss = MovieStim3(__class__=<class 'psychopy.visual.movie3.MovieStim3'>, anchor=('center', 'center'), autoLog=True, color=UNKNOWN, colorSpace=UNKNOWN, depth=-5.0, filename='validationSet_v7_movies/67.mp4', flipHoriz=False, flipVert=False, fps=UNKNOWN, interpolate=True, loop=True, name='low_gloss', noAudio=True, opacity=1, ori=method-wrapper(...), pos=array([270.,   0.]), size=None, units='pix', vframe_callback=UNKNOWN, volume=UNKNOWN, win=Window(...))
13.1133 	WARNING 	0.13670400000410154: Video catchup needed, advancing self._nextFrameT from 0.0 to 0.04
13.1133 	WARNING 	0.1367344000027515: Video catchup needed, advancing self._nextFrameT from 0.04 to 0.08
13.1321 	EXP 	remindText: autoDraw = False
13.1321 	EXP 	question_gloss: height = 0.029999999999999995
13.1321 	EXP 	question_gloss: height = 0.029999999999999995
13.1321 	EXP 	question_gloss: height = 0.029999999999999995
13.1321 	EXP 	question_gloss: text = 'Which object is more SHINY?'
13.1321 	EXP 	high_gloss: autoLog = True
13.1321 	EXP 	high_gloss: movie = 'validationSet_v7_movies/182.mp4'
13.1321 	EXP 	high_gloss: ori = 0.0
13.1321 	EXP 	low_gloss: autoLog = True
13.1321 	EXP 	low_gloss: movie = 'validationSet_v7_movies/67.mp4'
13.1321 	EXP 	low_gloss: ori = 0.0
13.1321 	EXP 	question_gloss: autoDraw = True
13.1321 	EXP 	high_gloss: autoDraw = True
13.1321 	EXP 	low_gloss: autoDraw = True
14.0319 	EXP 	Set high_gloss finished
14.0319 	EXP 	Set low_gloss finished
14.0331 	WARNING 	0.16567260000738315: Video catchup needed, advancing self._nextFrameT from 0.04 to 0.08
14.0332 	WARNING 	0.16569460000027902: Video catchup needed, advancing self._nextFrameT from 0.08 to 0.12
14.7485 	EXP 	Set high_gloss finished
14.8488 	EXP 	Set low_gloss finished
15.5506 	WARNING 	0.7820746999932453: Video catchup needed, advancing self._nextFrameT from 0.68 to 0.7200000000000001
15.5651 	EXP 	Set high_gloss finished
15.6819 	EXP 	Set low_gloss finished
15.6832 	WARNING 	0.21528960001887754: Video catchup needed, advancing self._nextFrameT from 0.12 to 0.16
16.3499 	EXP 	Set high_gloss finished
16.4660 	EXP 	Set low_gloss finished
17.1490 	EXP 	Set high_gloss finished
17.2660 	EXP 	Set low_gloss finished
17.2701 	WARNING 	0.2019999999902211: Video catchup needed, advancing self._nextFrameT from 0.12 to 0.16
17.9490 	EXP 	Set high_gloss finished
18.0657 	EXP 	Set low_gloss finished
18.7494 	EXP 	Set high_gloss finished
18.8660 	EXP 	Set low_gloss finished
19.5503 	EXP 	Set high_gloss finished
19.6667 	EXP 	Set low_gloss finished
20.3502 	EXP 	Set high_gloss finished
20.4839 	EXP 	Set low_gloss finished
21.1102 	WARNING 	0.7228339999855962: Video catchup needed, advancing self._nextFrameT from 0.64 to 0.68
21.1178 	EXP 	Set high_gloss finished
21.2678 	EXP 	Set low_gloss finished
21.9127 	WARNING 	0.7251171999960206: Video catchup needed, advancing self._nextFrameT from 0.64 to 0.68
21.9175 	EXP 	Set high_gloss finished
22.0603 	DATA 	Keypress: right
22.0674 	EXP 	Set low_gloss finished
22.1003 	EXP 	window1: mouseVisible = True
