2.9052 	WARNING 	We strongly recommend you activate the PTB sound engine in PsychoPy prefs as the preferred audio engine. Its timing is vastly superior. Your prefs are currently set to use ['sounddevice', 'PTB', 'pyo', 'pygame'] (in that order).
6.5170 	EXP 	Created window1 = Window(allowGUI=True, allowStencil=False, autoLog=True, backendConf=UNKNOWN, bitsMode=UNKNOWN, blendMode='avg', bpc=(8, 8, 8), color=array([0, 0, 0]), colorSpace='rgb', depthBits=8, fullscr=<method-wrapper '__getattribute__' of attributeSetter object at 0x000002622ECB5B20>, gamma=None, gammaErrorPolicy='raise', lms=UNKNOWN, monitor=<psychopy.monitors.calibTools.Monitor object at 0x0000026233BCFBB0>, multiSample=False, name='window1', numSamples=2, pos=(420, 180), screen=0, size=array([1080,  720]), stencilBits=0, stereo=False, units='height', useFBO=True, useRetina=False, viewOri=0.0, viewPos=None, viewScale=None, waitBlanking=True, winType='pyglet')
6.5172 	EXP 	window1: mouseVisible = True
6.5172 	EXP 	window1: mouseVisible = True
6.5173 	EXP 	window1: Attempting to measure frame rate of screen (0) ...
6.5173 	EXP 	window1: recordFrameIntervals = False
6.6828 	EXP 	window1: recordFrameIntervals = True
6.8657 	EXP 	Screen (0) actual frame rate measured at 60.13Hz
6.8658 	EXP 	window1: recordFrameIntervals = False
6.9540 	WARNING 	launchHubServer: If using the iohub mouse or eyetracker devices, fullScr should be True.
9.0425 	EXP 	Created welcome_text = TextStim(__class__=<class 'psychopy.visual.text.TextStim'>, alignHoriz=method-wrapper(...), alignText='center', alignVert=method-wrapper(...), anchorHoriz='center', anchorVert='center', antialias=True, autoDraw=False, autoLog=True, bold=False, color=array([1, 1, 1]), colorSpace='rgb', contrast=1.0, depth=0.0, flipHoriz=False, flipVert=False, font='Open Sans', fontFiles=[], height=0.029999999999999995, italic=False, languageStyle='LTR', name='welcome_text', opacity=1.0, ori=0.0, pos=array([0., 0.]), rgb=UNKNOWN, text=str(...), units='height', win=Window(...), wrapWidth=1)
9.0522 	EXP 	Created familiarization_shiny = TextStim(__class__=<class 'psychopy.visual.text.TextStim'>, alignHoriz=method-wrapper(...), alignText='center', alignVert=method-wrapper(...), anchorHoriz='center', anchorVert='center', antialias=True, autoDraw=False, autoLog=True, bold=False, color=array([1, 1, 1]), colorSpace='rgb', contrast=1.0, depth=0.0, flipHoriz=False, flipVert=False, font='Open Sans', fontFiles=[], height=0.029999999999999995, italic=False, languageStyle='LTR', name='familiarization_shiny', opacity=1.0, ori=0.0, pos=array([0., 0.]), rgb=UNKNOWN, text=str(...), units='height', win=Window(...), wrapWidth=1)
9.0529 	EXP 	Created skip_text = TextStim(__class__=<class 'psychopy.visual.text.TextStim'>, alignHoriz=method-wrapper(...), alignText='center', alignVert=method-wrapper(...), anchorHoriz='center', anchorVert='center', antialias=True, autoDraw=False, autoLog=True, bold=False, color=array([1, 1, 1]), colorSpace='rgb', contrast=1.0, depth=-3.0, flipHoriz=False, flipVert=False, font='Open Sans', fontFiles=[], height=0.03, italic=False, languageStyle='LTR', name='skip_text', opacity=1.0, ori=0.0, pos=array([ 0. , -0.3]), rgb=UNKNOWN, text='', units='height', win=Window(...), wrapWidth=1)
9.0539 	EXP 	Created blank_100ms = TextStim(__class__=<class 'psychopy.visual.text.TextStim'>, alignHoriz=method-wrapper(...), alignText='center', alignVert=method-wrapper(...), anchorHoriz='center', anchorVert='center', antialias=True, autoDraw=False, autoLog=True, bold=False, color=array([1, 1, 1]), colorSpace='rgb', contrast=1.0, depth=0.0, flipHoriz=False, flipVert=False, font='Open Sans', fontFiles=[], height=0.05, italic=False, languageStyle='LTR', name='blank_100ms', opacity=1.0, ori=0.0, pos=array([0., 0.]), rgb=UNKNOWN, text='', units='height', win=Window(...), wrapWidth=1)
9.0618 	EXP 	Created text_Matte = TextStim(__class__=<class 'psychopy.visual.text.TextStim'>, alignHoriz=method-wrapper(...), alignText='center', alignVert=method-wrapper(...), anchorHoriz='center', anchorVert='center', antialias=True, autoDraw=False, autoLog=True, bold=False, color=array([1, 1, 1]), colorSpace='rgb', contrast=1.0, depth=-1.0, flipHoriz=False, flipVert=False, font='Open Sans', fontFiles=[], height=0.029999999999999995, italic=False, languageStyle='LTR', name='text_Matte', opacity=1.0, ori=0.0, pos=array([0., 0.]), rgb=UNKNOWN, text=str(...), units='height', win=Window(...), wrapWidth=1)
9.0774 	EXP 	Created remindText = TextStim(__class__=<class 'psychopy.visual.text.TextStim'>, alignHoriz=method-wrapper(...), alignText='center', alignVert=method-wrapper(...), anchorHoriz='center', anchorVert='center', antialias=True, autoDraw=False, autoLog=True, bold=False, color=array([1, 1, 1]), colorSpace='rgb', contrast=1.0, depth=0.0, flipHoriz=False, flipVert=False, font='Open Sans', fontFiles=[], height=0.029999999999999995, italic=False, languageStyle='LTR', name='remindText', opacity=1.0, ori=0.0, pos=array([0., 0.]), rgb=UNKNOWN, text=str(...), units='height', win=Window(...), wrapWidth=1)
9.0780 	EXP 	Created question_gloss = TextStim(__class__=<class 'psychopy.visual.text.TextStim'>, alignHoriz=method-wrapper(...), alignText='center', alignVert=method-wrapper(...), anchorHoriz='center', anchorVert='center', antialias=True, autoDraw=False, autoLog=True, bold=False, color=array([1, 1, 1]), colorSpace='rgb', contrast=1.0, depth=-3.0, flipHoriz=False, flipVert=False, font='Open Sans', fontFiles=[], height=0.03, italic=False, languageStyle='LTR', name='question_gloss', opacity=1.0, ori=0.0, pos=array([0.  , 0.35]), rgb=UNKNOWN, text='', units='height', win=Window(...), wrapWidth=1)
9.0790 	EXP 	Created text = TextStim(__class__=<class 'psychopy.visual.text.TextStim'>, alignHoriz=method-wrapper(...), alignText='center', alignVert=method-wrapper(...), anchorHoriz='center', anchorVert='center', antialias=True, autoDraw=False, autoLog=True, bold=False, color=array([1, 1, 1]), colorSpace='rgb', contrast=1.0, depth=0.0, flipHoriz=False, flipVert=False, font='Open Sans', fontFiles=[], height=0.05, italic=False, languageStyle='LTR', name='text', opacity=1.0, ori=0.0, pos=array([0., 0.]), rgb=UNKNOWN, text='', units='height', win=Window(...), wrapWidth=1)
9.0862 	EXP 	Created endText = TextStim(__class__=<class 'psychopy.visual.text.TextStim'>, alignHoriz=method-wrapper(...), alignText='center', alignVert=method-wrapper(...), anchorHoriz='center', anchorVert='center', antialias=True, autoDraw=False, autoLog=True, bold=False, color=array([1, 1, 1]), colorSpace='rgb', contrast=1.0, depth=0.0, flipHoriz=False, flipVert=False, font='Open Sans', fontFiles=[], height=0.029999999999999995, italic=False, languageStyle='LTR', name='endText', opacity=1.0, ori=0.0, pos=array([0., 0.]), rgb=UNKNOWN, text=str(...), units='height', win=Window(...), wrapWidth=1)
9.1018 	EXP 	welcome_text: autoDraw = True
9.5351 	DATA 	Keypress: space
9.5495 	EXP 	welcome_text: autoDraw = False
9.6501 	EXP 	familiarization_shiny: autoDraw = True
9.8260 	EXP 	Imported glossy_examplar_objects.csv as conditions, 2 conditions, 23 params
9.8263 	EXP 	Created sequence: sequential, trialTypes=2, nReps=1, seed=None
9.8268 	EXP 	New trial (rep=0, index=0): OrderedDict([('test_object', 120), ('true_type', 0), ('classified_as', 0), ('decision_value', -16.56748621), ('material_name', 'shiny_soft_gothicManor_None_[90, 0, 0]_[90, 0, 0]_WIND_1.067_0_4'), ('rigidity', 'soft'), ('glossiness', 'shiny'), ('decision_value_norm', -0.735730726), ('Glossiness', 'shiny'), ('Rigidity', 'soft'), ('Enviroment_Map', 'gothicManor'), ('Texture', 'None'), ('init_rot', [90, 0, 0]), ('end_rot', [90, 0, 0]), ('Force', 'WIND'), ('disp_scale', 1.067), ('disp_depth', 0), ('glossID', 0), ('rigidID', 1), ('type_truncted', 1), ('type8way', -1), ('detail', -1), ('obj_dir', 'validationSet_v7_movies/120.mp4')])
10.0083 	EXP 	Created shiny_ex_trials = MovieStim3(__class__=<class 'psychopy.visual.movie3.MovieStim3'>, anchor=('center', 'center'), autoLog=True, color=UNKNOWN, colorSpace=UNKNOWN, depth=-1.0, filename='validationSet_v7_movies/120.mp4', flipHoriz=False, flipVert=False, fps=UNKNOWN, interpolate=True, loop=True, name='shiny_ex_trials', noAudio=True, opacity=1, ori=method-wrapper(...), pos=array([0., 0.]), size=None, units='pix', vframe_callback=UNKNOWN, volume=UNKNOWN, win=Window(...))
10.1556 	WARNING 	0.14728949998971075: Video catchup needed, advancing self._nextFrameT from 0.0 to 0.04
10.1556 	WARNING 	0.14732349998666905: Video catchup needed, advancing self._nextFrameT from 0.04 to 0.08
10.1715 	DATA 	Keypress: space
10.1819 	EXP 	familiarization_shiny: autoDraw = False
10.1819 	EXP 	shiny_ex_trials: autoLog = True
10.1819 	EXP 	shiny_ex_trials: movie = 'validationSet_v7_movies/120.mp4'
10.1819 	EXP 	shiny_ex_trials: ori = 0.0
10.1819 	EXP 	skip_text: height = 0.029999999999999995
10.1819 	EXP 	skip_text: height = 0.029999999999999995
10.1819 	EXP 	skip_text: height = 0.029999999999999995
10.1819 	EXP 	skip_text: text = "It is a SHINY object\n\nPress 'Space' to see next"
10.1819 	EXP 	shiny_ex_trials: autoDraw = True
10.1819 	EXP 	skip_text: autoDraw = True
11.0156 	EXP 	Set shiny_ex_trials finished
11.7922 	DATA 	Keypress: space
11.7994 	EXP 	Set shiny_ex_trials finished
11.8167 	EXP 	shiny_ex_trials: autoDraw = False
11.8167 	EXP 	skip_text: autoDraw = False
11.8167 	EXP 	blank_100ms: autoDraw = True
11.8167 	EXP 	text_Matte: autoDraw = True
11.8167 	EXP 	text_Matte: autoDraw = False
11.9168 	EXP 	blank_100ms: autoDraw = False
11.9849 	EXP 	New trial (rep=0, index=1): OrderedDict([('test_object', 28), ('true_type', 0), ('classified_as', 0), ('decision_value', -16.55869697), ('material_name', 'shiny_soft_uenoShrine_None_[51, 0, 0]_[51, 0, 0]_TURBULENCE_0.941_0_10'), ('rigidity', 'soft'), ('glossiness', 'shiny'), ('decision_value_norm', -0.735406954), ('Glossiness', 'shiny'), ('Rigidity', 'soft'), ('Enviroment_Map', 'uenoShrine'), ('Texture', 'None'), ('init_rot', [51, 0, 0]), ('end_rot', [51, 0, 0]), ('Force', 'TURBULENCE'), ('disp_scale', 0.941), ('disp_depth', 0), ('glossID', 0), ('rigidID', 1), ('type_truncted', 1), ('type8way', -1), ('detail', -1), ('obj_dir', 'validationSet_v7_movies/28.mp4')])
11.9856 	EXP 	Created shiny_ex_trials = MovieStim3(__class__=<class 'psychopy.visual.movie3.MovieStim3'>, anchor=('center', 'center'), autoLog=True, color=UNKNOWN, colorSpace=UNKNOWN, depth=-1.0, filename='validationSet_v7_movies/28.mp4', flipHoriz=False, flipVert=False, fps=UNKNOWN, interpolate=True, loop=True, name='shiny_ex_trials', noAudio=True, opacity=1, ori=method-wrapper(...), pos=array([0., 0.]), size=None, units='pix', vframe_callback=UNKNOWN, volume=UNKNOWN, win=Window(...))
12.1284 	WARNING 	0.1427663000067696: Video catchup needed, advancing self._nextFrameT from 0.0 to 0.04
12.1285 	WARNING 	0.14279710000846535: Video catchup needed, advancing self._nextFrameT from 0.04 to 0.08
12.1507 	EXP 	blank_100ms: autoDraw = False
12.1507 	EXP 	text_Matte: autoDraw = False
12.1507 	EXP 	shiny_ex_trials: autoLog = True
12.1507 	EXP 	shiny_ex_trials: movie = 'validationSet_v7_movies/28.mp4'
12.1507 	EXP 	shiny_ex_trials: ori = 0.0
12.1507 	EXP 	skip_text: text = "It is a SHINY object\n\nPress 'Space' to see next"
12.1507 	EXP 	shiny_ex_trials: autoDraw = True
12.1507 	EXP 	skip_text: autoDraw = True
12.9861 	EXP 	Set shiny_ex_trials finished
13.7671 	EXP 	Set shiny_ex_trials finished
14.5669 	EXP 	Set shiny_ex_trials finished
15.3671 	EXP 	Set shiny_ex_trials finished
15.6538 	DATA 	Keypress: space
15.6685 	EXP 	shiny_ex_trials: autoDraw = False
15.6685 	EXP 	skip_text: autoDraw = False
15.6685 	EXP 	blank_100ms: autoDraw = True
15.6685 	EXP 	text_Matte: autoDraw = True
15.6685 	EXP 	text_Matte: autoDraw = False
15.7690 	EXP 	blank_100ms: autoDraw = False
15.8520 	EXP 	blank_100ms: autoDraw = False
15.8520 	EXP 	text_Matte: autoDraw = False
15.8520 	EXP 	remindText: autoDraw = True
17.1986 	EXP 	Imported glossy_exp_objects.csv as conditions, 20 conditions, 23 params
17.1990 	EXP 	Created sequence: sequential, trialTypes=20, nReps=5, seed=None
17.1994 	EXP 	New trial (rep=0, index=0): OrderedDict([('test_object', 126), ('true_type', 0), ('classified_as', 0), ('decision_value', -23.74143063), ('material_name', 'shiny_soft_gothicManor_None_[7, 0, 0]_[7, 0, 0]_CHARGE_1.961_1_5'), ('rigidity', 'soft'), ('glossiness', 'shiny'), ('decision_value_norm', -1.0), ('Glossiness', 'shiny'), ('Rigidity', 'soft'), ('Enviroment_Map', 'gothicManor'), ('Texture', 'None'), ('init_rot', [7, 0, 0]), ('end_rot', [7, 0, 0]), ('Force', 'CHARGE'), ('disp_scale', 1.961), ('disp_depth', 1), ('glossID', 0), ('rigidID', 1), ('type_truncted', 1), ('type8way', -1), ('detail', -1), ('obj_dir', 'validationSet_v7_movies/126.mp4')])
17.2027 	EXP 	Created high_gloss = MovieStim3(__class__=<class 'psychopy.visual.movie3.MovieStim3'>, anchor=('center', 'center'), autoLog=True, color=UNKNOWN, colorSpace=UNKNOWN, depth=-4.0, filename='validationSet_v7_movies/298.mp4', flipHoriz=False, flipVert=False, fps=UNKNOWN, interpolate=True, loop=True, name='high_gloss', noAudio=True, opacity=1, ori=method-wrapper(...), pos=array([270.,   0.]), size=None, units='pix', vframe_callback=UNKNOWN, volume=UNKNOWN, win=Window(...))
17.3542 	WARNING 	0.1514647000003606: Video catchup needed, advancing self._nextFrameT from 0.0 to 0.04
17.3542 	WARNING 	0.15149429999291897: Video catchup needed, advancing self._nextFrameT from 0.04 to 0.08
17.3569 	EXP 	Created low_gloss = MovieStim3(__class__=<class 'psychopy.visual.movie3.MovieStim3'>, anchor=('center', 'center'), autoLog=True, color=UNKNOWN, colorSpace=UNKNOWN, depth=-5.0, filename='validationSet_v7_movies/366.mp4', flipHoriz=False, flipVert=False, fps=UNKNOWN, interpolate=True, loop=True, name='low_gloss', noAudio=True, opacity=1, ori=method-wrapper(...), pos=array([-270.,    0.]), size=None, units='pix', vframe_callback=UNKNOWN, volume=UNKNOWN, win=Window(...))
17.5057 	WARNING 	0.14883689998532645: Video catchup needed, advancing self._nextFrameT from 0.0 to 0.04
17.5058 	WARNING 	0.14888159997644834: Video catchup needed, advancing self._nextFrameT from 0.04 to 0.08
17.5095 	DATA 	Keypress: space
17.5180 	EXP 	remindText: autoDraw = False
17.5180 	EXP 	question_gloss: height = 0.029999999999999995
17.5180 	EXP 	question_gloss: height = 0.029999999999999995
17.5180 	EXP 	question_gloss: height = 0.029999999999999995
17.5180 	EXP 	question_gloss: text = 'Which object is more SHINY?'
17.5180 	EXP 	high_gloss: autoLog = True
17.5180 	EXP 	high_gloss: movie = 'validationSet_v7_movies/298.mp4'
17.5180 	EXP 	high_gloss: ori = 0.0
17.5180 	EXP 	low_gloss: autoLog = True
17.5180 	EXP 	low_gloss: movie = 'validationSet_v7_movies/366.mp4'
17.5180 	EXP 	low_gloss: ori = 0.0
17.5180 	EXP 	question_gloss: autoDraw = True
17.5180 	EXP 	high_gloss: autoDraw = True
17.5180 	EXP 	low_gloss: autoDraw = True
18.4188 	EXP 	Set high_gloss finished
18.4188 	EXP 	Set low_gloss finished
18.4200 	WARNING 	0.16593030001968145: Video catchup needed, advancing self._nextFrameT from 0.04 to 0.08
18.4200 	WARNING 	0.16595330002019182: Video catchup needed, advancing self._nextFrameT from 0.08 to 0.12
19.1357 	EXP 	Set high_gloss finished
19.2526 	EXP 	Set low_gloss finished
19.9260 	WARNING 	0.770375399995828: Video catchup needed, advancing self._nextFrameT from 0.68 to 0.7200000000000001
19.9357 	EXP 	Set high_gloss finished
20.0357 	EXP 	Set low_gloss finished
20.1729 	DATA 	Keypress: space
20.7329 	WARNING 	0.7776034999988042: Video catchup needed, advancing self._nextFrameT from 0.68 to 0.7200000000000001
20.7526 	EXP 	Set high_gloss finished
20.8532 	EXP 	Set low_gloss finished
21.1479 	DATA 	Keypress: right
21.2410 	EXP 	window1: mouseVisible = True
