2.8800 	WARNING 	We strongly recommend you activate the PTB sound engine in PsychoPy prefs as the preferred audio engine. Its timing is vastly superior. Your prefs are currently set to use ['sounddevice', 'PTB', 'pyo', 'pygame'] (in that order).
11.0523 	EXP 	Created window1 = Window(allowGUI=True, allowStencil=False, autoLog=True, backendConf=UNKNOWN, bitsMode=UNKNOWN, blendMode='avg', bpc=(8, 8, 8), color=array([0, 0, 0]), colorSpace='rgb', depthBits=8, fullscr=<method-wrapper '__getattribute__' of attributeSetter object at 0x0000022B25633C40>, gamma=None, gammaErrorPolicy='raise', lms=UNKNOWN, monitor=<psychopy.monitors.calibTools.Monitor object at 0x0000022B2A80F400>, multiSample=False, name='window1', numSamples=2, pos=(0, 0), screen=0, size=array([1920, 1080]), stencilBits=0, stereo=False, units='height', useFBO=True, useRetina=False, viewOri=0.0, viewPos=None, viewScale=None, waitBlanking=True, winType='pyglet')
11.0526 	EXP 	window1: mouseVisible = True
11.0530 	EXP 	window1: mouseVisible = False
11.0530 	EXP 	window1: Attempting to measure frame rate of screen (0) ...
11.0531 	EXP 	window1: recordFrameIntervals = False
11.2105 	EXP 	window1: recordFrameIntervals = True
11.3936 	EXP 	Screen (0) actual frame rate measured at 60.24Hz
11.3936 	EXP 	window1: recordFrameIntervals = False
14.3197 	EXP 	Created welcome_text = TextStim(__class__=<class 'psychopy.visual.text.TextStim'>, alignHoriz=method-wrapper(...), alignText='center', alignVert=method-wrapper(...), anchorHoriz='center', anchorVert='center', antialias=True, autoDraw=False, autoLog=True, bold=False, color=array([1, 1, 1]), colorSpace='rgb', contrast=1.0, depth=0.0, flipHoriz=False, flipVert=False, font='Open Sans', fontFiles=[], height=0.03, italic=False, languageStyle='LTR', name='welcome_text', opacity=1.0, ori=0.0, pos=array([0., 0.]), rgb=UNKNOWN, text=str(...), units='height', win=Window(...), wrapWidth=1)
14.3316 	EXP 	Created familiarization_shiny = TextStim(__class__=<class 'psychopy.visual.text.TextStim'>, alignHoriz=method-wrapper(...), alignText='center', alignVert=method-wrapper(...), anchorHoriz='center', anchorVert='center', antialias=True, autoDraw=False, autoLog=True, bold=False, color=array([1, 1, 1]), colorSpace='rgb', contrast=1.0, depth=0.0, flipHoriz=False, flipVert=False, font='Open Sans', fontFiles=[], height=0.03, italic=False, languageStyle='LTR', name='familiarization_shiny', opacity=1.0, ori=0.0, pos=array([0., 0.]), rgb=UNKNOWN, text=str(...), units='height', win=Window(...), wrapWidth=1)
14.3323 	EXP 	Created skip_text = TextStim(__class__=<class 'psychopy.visual.text.TextStim'>, alignHoriz=method-wrapper(...), alignText='center', alignVert=method-wrapper(...), anchorHoriz='center', anchorVert='center', antialias=True, autoDraw=False, autoLog=True, bold=False, color=array([1, 1, 1]), colorSpace='rgb', contrast=1.0, depth=-3.0, flipHoriz=False, flipVert=False, font='Open Sans', fontFiles=[], height=0.03, italic=False, languageStyle='LTR', name='skip_text', opacity=1.0, ori=0.0, pos=array([ 0. , -0.3]), rgb=UNKNOWN, text='', units='height', win=Window(...), wrapWidth=1)
14.3339 	EXP 	Created blank_100ms = TextStim(__class__=<class 'psychopy.visual.text.TextStim'>, alignHoriz=method-wrapper(...), alignText='center', alignVert=method-wrapper(...), anchorHoriz='center', anchorVert='center', antialias=True, autoDraw=False, autoLog=True, bold=False, color=array([1, 1, 1]), colorSpace='rgb', contrast=1.0, depth=0.0, flipHoriz=False, flipVert=False, font='Open Sans', fontFiles=[], height=0.05, italic=False, languageStyle='LTR', name='blank_100ms', opacity=1.0, ori=0.0, pos=array([0., 0.]), rgb=UNKNOWN, text='', units='height', win=Window(...), wrapWidth=1)
14.3432 	EXP 	Created text_Matte = TextStim(__class__=<class 'psychopy.visual.text.TextStim'>, alignHoriz=method-wrapper(...), alignText='center', alignVert=method-wrapper(...), anchorHoriz='center', anchorVert='center', antialias=True, autoDraw=False, autoLog=True, bold=False, color=array([1, 1, 1]), colorSpace='rgb', contrast=1.0, depth=-1.0, flipHoriz=False, flipVert=False, font='Open Sans', fontFiles=[], height=0.03, italic=False, languageStyle='LTR', name='text_Matte', opacity=1.0, ori=0.0, pos=array([0., 0.]), rgb=UNKNOWN, text=str(...), units='height', win=Window(...), wrapWidth=1)
14.3581 	EXP 	Created remindText = TextStim(__class__=<class 'psychopy.visual.text.TextStim'>, alignHoriz=method-wrapper(...), alignText='center', alignVert=method-wrapper(...), anchorHoriz='center', anchorVert='center', antialias=True, autoDraw=False, autoLog=True, bold=False, color=array([1, 1, 1]), colorSpace='rgb', contrast=1.0, depth=0.0, flipHoriz=False, flipVert=False, font='Open Sans', fontFiles=[], height=0.03, italic=False, languageStyle='LTR', name='remindText', opacity=1.0, ori=0.0, pos=array([0., 0.]), rgb=UNKNOWN, text=str(...), units='height', win=Window(...), wrapWidth=1)
14.3611 	EXP 	Created question_gloss = TextStim(__class__=<class 'psychopy.visual.text.TextStim'>, alignHoriz=method-wrapper(...), alignText='center', alignVert=method-wrapper(...), anchorHoriz='center', anchorVert='center', antialias=True, autoDraw=False, autoLog=True, bold=False, color=array([1, 1, 1]), colorSpace='rgb', contrast=1.0, depth=-3.0, flipHoriz=False, flipVert=False, font='Open Sans', fontFiles=[], height=0.03, italic=False, languageStyle='LTR', name='question_gloss', opacity=1.0, ori=0.0, pos=array([0.  , 0.35]), rgb=UNKNOWN, text='', units='height', win=Window(...), wrapWidth=1)
14.3627 	EXP 	Created text = TextStim(__class__=<class 'psychopy.visual.text.TextStim'>, alignHoriz=method-wrapper(...), alignText='center', alignVert=method-wrapper(...), anchorHoriz='center', anchorVert='center', antialias=True, autoDraw=False, autoLog=True, bold=False, color=array([1, 1, 1]), colorSpace='rgb', contrast=1.0, depth=0.0, flipHoriz=False, flipVert=False, font='Open Sans', fontFiles=[], height=0.05, italic=False, languageStyle='LTR', name='text', opacity=1.0, ori=0.0, pos=array([0., 0.]), rgb=UNKNOWN, text='', units='height', win=Window(...), wrapWidth=1)
14.3723 	EXP 	Created endText = TextStim(__class__=<class 'psychopy.visual.text.TextStim'>, alignHoriz=method-wrapper(...), alignText='center', alignVert=method-wrapper(...), anchorHoriz='center', anchorVert='center', antialias=True, autoDraw=False, autoLog=True, bold=False, color=array([1, 1, 1]), colorSpace='rgb', contrast=1.0, depth=0.0, flipHoriz=False, flipVert=False, font='Open Sans', fontFiles=[], height=0.03, italic=False, languageStyle='LTR', name='endText', opacity=1.0, ori=0.0, pos=array([0., 0.]), rgb=UNKNOWN, text=str(...), units='height', win=Window(...), wrapWidth=1)
14.3810 	EXP 	welcome_text: autoDraw = True
15.2312 	DATA 	Keypress: space
15.2447 	EXP 	welcome_text: autoDraw = False
15.3449 	EXP 	familiarization_shiny: autoDraw = True
15.9487 	EXP 	Imported glossy_examplar_objects.csv as conditions, 20 conditions, 24 params
15.9504 	EXP 	Created sequence: sequential, trialTypes=20, nReps=1, seed=None
15.9508 	EXP 	New trial (rep=0, index=0): OrderedDict([('test_object', 120), ('true_type', 0), ('classified_as', 0), ('decision_value', -16.56748621), ('material_name', 'shiny_soft_gothicManor_None_[90, 0, 0]_[90, 0, 0]_WIND_1.067_0_4'), ('rigidity', 'soft'), ('glossiness', 'shiny'), ('decision_value_norm', -0.735730726), ('Glossiness', 'shiny'), ('Rigidity', 'soft'), ('Enviroment_Map', 'gothicManor'), ('Texture', 'None'), ('init_rot', [90, 0, 0]), ('end_rot', [90, 0, 0]), ('Force', 'WIND'), ('disp_scale', 1.067), ('disp_depth', 0), ('glossID', 0), ('rigidID', 1), ('type_truncted', 1), ('type8way', -1), ('detail', -1), ('decisionNormalized', -0.542284948), ('obj_dir', 'validationSet_v7_movies/120.mp4')])
16.9166 	EXP 	Created shiny_ex_trials = MovieStim3(__class__=<class 'psychopy.visual.movie3.MovieStim3'>, anchor=('center', 'center'), autoLog=True, color=UNKNOWN, colorSpace=UNKNOWN, depth=-1.0, filename='validationSet_v7_movies/120.mp4', flipHoriz=False, flipVert=False, fps=UNKNOWN, interpolate=True, loop=True, name='shiny_ex_trials', noAudio=True, opacity=1, ori=method-wrapper(...), pos=array([0., 0.]), size=None, units='pix', vframe_callback=UNKNOWN, volume=UNKNOWN, win=Window(...))
17.3202 	WARNING 	0.40358300000661984: Video catchup needed, advancing self._nextFrameT from 0.0 to 0.04
17.3202 	WARNING 	0.40364120004232973: Video catchup needed, advancing self._nextFrameT from 0.04 to 0.08
17.3203 	WARNING 	0.4036803999915719: Video catchup needed, advancing self._nextFrameT from 0.08 to 0.12
17.3203 	WARNING 	0.4037143000168726: Video catchup needed, advancing self._nextFrameT from 0.12 to 0.16
17.3203 	WARNING 	0.40374740003608167: Video catchup needed, advancing self._nextFrameT from 0.16 to 0.2
17.3204 	WARNING 	0.4037796999909915: Video catchup needed, advancing self._nextFrameT from 0.2 to 0.24000000000000002
17.3204 	WARNING 	0.4038118000025861: Video catchup needed, advancing self._nextFrameT from 0.24000000000000002 to 0.28
17.3204 	WARNING 	0.4038449000217952: Video catchup needed, advancing self._nextFrameT from 0.28 to 0.32
17.3205 	WARNING 	0.40387630002805963: Video catchup needed, advancing self._nextFrameT from 0.32 to 0.36
17.3511 	DATA 	Keypress: space
17.3551 	EXP 	familiarization_shiny: autoDraw = False
17.3551 	EXP 	shiny_ex_trials: autoLog = True
17.3551 	EXP 	shiny_ex_trials: movie = 'validationSet_v7_movies/120.mp4'
17.3551 	EXP 	shiny_ex_trials: ori = 0.0
17.3551 	EXP 	skip_text: height = 0.03
17.3551 	EXP 	skip_text: height = 0.03
17.3551 	EXP 	skip_text: height = 0.03
17.3551 	EXP 	skip_text: text = "It is a SHINY object\n\nPress 'Space' to see next"
17.3551 	EXP 	shiny_ex_trials: autoDraw = True
17.3551 	EXP 	skip_text: autoDraw = True
17.8947 	EXP 	Set shiny_ex_trials finished
18.6917 	EXP 	Set shiny_ex_trials finished
19.4963 	EXP 	Set shiny_ex_trials finished
20.2981 	EXP 	Set shiny_ex_trials finished
21.0937 	EXP 	Set shiny_ex_trials finished
21.8892 	EXP 	Set shiny_ex_trials finished
22.5836 	DATA 	Keypress: space
22.5976 	EXP 	shiny_ex_trials: autoDraw = False
22.5976 	EXP 	skip_text: autoDraw = False
22.5976 	EXP 	blank_100ms: autoDraw = True
22.5976 	EXP 	text_Matte: autoDraw = True
22.5976 	EXP 	text_Matte: autoDraw = False
22.6984 	EXP 	blank_100ms: autoDraw = False
22.7661 	EXP 	New trial (rep=0, index=1): OrderedDict([('test_object', 28), ('true_type', 0), ('classified_as', 0), ('decision_value', -16.55869697), ('material_name', 'shiny_soft_uenoShrine_None_[51, 0, 0]_[51, 0, 0]_TURBULENCE_0.941_0_10'), ('rigidity', 'soft'), ('glossiness', 'shiny'), ('decision_value_norm', -0.735406954), ('Glossiness', 'shiny'), ('Rigidity', 'soft'), ('Enviroment_Map', 'uenoShrine'), ('Texture', 'None'), ('init_rot', [51, 0, 0]), ('end_rot', [51, 0, 0]), ('Force', 'TURBULENCE'), ('disp_scale', 0.941), ('disp_depth', 0), ('glossID', 0), ('rigidID', 1), ('type_truncted', 1), ('type8way', -1), ('detail', -1), ('decisionNormalized', -0.54199726), ('obj_dir', 'validationSet_v7_movies/28.mp4')])
22.7669 	EXP 	Created shiny_ex_trials = MovieStim3(__class__=<class 'psychopy.visual.movie3.MovieStim3'>, anchor=('center', 'center'), autoLog=True, color=UNKNOWN, colorSpace=UNKNOWN, depth=-1.0, filename='validationSet_v7_movies/28.mp4', flipHoriz=False, flipVert=False, fps=UNKNOWN, interpolate=True, loop=True, name='shiny_ex_trials', noAudio=True, opacity=1, ori=method-wrapper(...), pos=array([0., 0.]), size=None, units='pix', vframe_callback=UNKNOWN, volume=UNKNOWN, win=Window(...))
22.9637 	WARNING 	0.1967391999787651: Video catchup needed, advancing self._nextFrameT from 0.0 to 0.04
22.9637 	WARNING 	0.1967832999653183: Video catchup needed, advancing self._nextFrameT from 0.04 to 0.08
22.9637 	WARNING 	0.19679889996768907: Video catchup needed, advancing self._nextFrameT from 0.08 to 0.12
22.9701 	EXP 	blank_100ms: autoDraw = False
22.9701 	EXP 	text_Matte: autoDraw = False
22.9701 	EXP 	shiny_ex_trials: autoLog = True
22.9701 	EXP 	shiny_ex_trials: movie = 'validationSet_v7_movies/28.mp4'
22.9701 	EXP 	shiny_ex_trials: ori = 0.0
22.9701 	EXP 	skip_text: text = "It is a SHINY object\n\nPress 'Space' to see next"
22.9701 	EXP 	shiny_ex_trials: autoDraw = True
22.9701 	EXP 	skip_text: autoDraw = True
23.7584 	DATA 	Keypress: space
23.7617 	EXP 	Set shiny_ex_trials finished
23.7661 	EXP 	shiny_ex_trials: autoDraw = False
23.7661 	EXP 	skip_text: autoDraw = False
23.7661 	EXP 	blank_100ms: autoDraw = True
23.7661 	EXP 	text_Matte: autoDraw = True
23.7661 	EXP 	text_Matte: autoDraw = False
23.8815 	EXP 	blank_100ms: autoDraw = False
23.9489 	EXP 	New trial (rep=0, index=2): OrderedDict([('test_object', 156), ('true_type', 0), ('classified_as', 0), ('decision_value', -16.34628391), ('material_name', 'shiny_soft_galileo_None_[11, 0, 0]_[11, 0, 0]_GUIDE_1.815_2_9'), ('rigidity', 'soft'), ('glossiness', 'shiny'), ('decision_value_norm', -0.727582214), ('Glossiness', 'shiny'), ('Rigidity', 'soft'), ('Enviroment_Map', 'galileo'), ('Texture', 'None'), ('init_rot', [11, 0, 0]), ('end_rot', [11, 0, 0]), ('Force', 'GUIDE'), ('disp_scale', 1.815), ('disp_depth', 2), ('glossID', 0), ('rigidID', 1), ('type_truncted', 1), ('type8way', -1), ('detail', -1), ('decisionNormalized', -0.535044581), ('obj_dir', 'validationSet_v7_movies/156.mp4')])
23.9500 	EXP 	Created shiny_ex_trials = MovieStim3(__class__=<class 'psychopy.visual.movie3.MovieStim3'>, anchor=('center', 'center'), autoLog=True, color=UNKNOWN, colorSpace=UNKNOWN, depth=-1.0, filename='validationSet_v7_movies/156.mp4', flipHoriz=False, flipVert=False, fps=UNKNOWN, interpolate=True, loop=True, name='shiny_ex_trials', noAudio=True, opacity=1, ori=method-wrapper(...), pos=array([0., 0.]), size=None, units='pix', vframe_callback=UNKNOWN, volume=UNKNOWN, win=Window(...))
24.0997 	WARNING 	0.1496492000296712: Video catchup needed, advancing self._nextFrameT from 0.0 to 0.04
24.0998 	WARNING 	0.14969620003830642: Video catchup needed, advancing self._nextFrameT from 0.04 to 0.08
24.1063 	EXP 	blank_100ms: autoDraw = False
24.1063 	EXP 	text_Matte: autoDraw = False
24.1063 	EXP 	shiny_ex_trials: autoLog = True
24.1063 	EXP 	shiny_ex_trials: movie = 'validationSet_v7_movies/156.mp4'
24.1063 	EXP 	shiny_ex_trials: ori = 0.0
24.1063 	EXP 	skip_text: text = "It is a SHINY object\n\nPress 'Space' to see next"
24.1063 	EXP 	shiny_ex_trials: autoDraw = True
24.1063 	EXP 	skip_text: autoDraw = True
24.5508 	DATA 	Keypress: space
24.5652 	EXP 	shiny_ex_trials: autoDraw = False
24.5652 	EXP 	skip_text: autoDraw = False
24.5652 	EXP 	blank_100ms: autoDraw = True
24.5652 	EXP 	text_Matte: autoDraw = True
24.5652 	EXP 	text_Matte: autoDraw = False
24.6650 	EXP 	blank_100ms: autoDraw = False
24.7328 	EXP 	New trial (rep=0, index=3): OrderedDict([('test_object', 297), ('true_type', 0), ('classified_as', 0), ('decision_value', -16.13488032), ('material_name', 'shiny_rigid_machineShop_None_[20, 0, 0]_[53, 45, 57]_None_1.128_0_2'), ('rigidity', 'rigid'), ('glossiness', 'shiny'), ('decision_value_norm', -0.719794661), ('Glossiness', 'shiny'), ('Rigidity', 'rigid'), ('Enviroment_Map', 'machineShop'), ('Texture', 'None'), ('init_rot', [20, 0, 0]), ('end_rot', [53, 45, 57]), ('Force', 'None'), ('disp_scale', 1.128), ('disp_depth', 0), ('glossID', 0), ('rigidID', 0), ('type_truncted', 2), ('type8way', 1), ('detail', 1), ('decisionNormalized', -0.528124945), ('obj_dir', 'validationSet_v7_movies/297.mp4')])
24.7340 	EXP 	Created shiny_ex_trials = MovieStim3(__class__=<class 'psychopy.visual.movie3.MovieStim3'>, anchor=('center', 'center'), autoLog=True, color=UNKNOWN, colorSpace=UNKNOWN, depth=-1.0, filename='validationSet_v7_movies/297.mp4', flipHoriz=False, flipVert=False, fps=UNKNOWN, interpolate=True, loop=True, name='shiny_ex_trials', noAudio=True, opacity=1, ori=method-wrapper(...), pos=array([0., 0.]), size=None, units='pix', vframe_callback=UNKNOWN, volume=UNKNOWN, win=Window(...))
24.8839 	WARNING 	0.14984289999119937: Video catchup needed, advancing self._nextFrameT from 0.0 to 0.04
24.8839 	WARNING 	0.149895699985791: Video catchup needed, advancing self._nextFrameT from 0.04 to 0.08
24.8903 	EXP 	blank_100ms: autoDraw = False
24.8903 	EXP 	text_Matte: autoDraw = False
24.8903 	EXP 	shiny_ex_trials: autoLog = True
24.8903 	EXP 	shiny_ex_trials: movie = 'validationSet_v7_movies/297.mp4'
24.8903 	EXP 	shiny_ex_trials: ori = 0.0
24.8903 	EXP 	skip_text: text = "It is a SHINY object\n\nPress 'Space' to see next"
24.8903 	EXP 	shiny_ex_trials: autoDraw = True
24.8903 	EXP 	skip_text: autoDraw = True
25.2679 	DATA 	Keypress: space
25.2821 	EXP 	shiny_ex_trials: autoDraw = False
25.2821 	EXP 	skip_text: autoDraw = False
25.2821 	EXP 	blank_100ms: autoDraw = True
25.2821 	EXP 	text_Matte: autoDraw = True
25.2821 	EXP 	text_Matte: autoDraw = False
25.3819 	EXP 	blank_100ms: autoDraw = False
25.4497 	EXP 	New trial (rep=0, index=4): OrderedDict([('test_object', 198), ('true_type', 0), ('classified_as', 0), ('decision_value', -15.7202408), ('material_name', 'shiny_soft_abandoned_None_[17, 0, 0]_[17, 0, 0]_LENNARDJ_1.017_0_6'), ('rigidity', 'soft'), ('glossiness', 'shiny'), ('decision_value_norm', -0.70452043), ('Glossiness', 'shiny'), ('Rigidity', 'soft'), ('Enviroment_Map', 'abandoned'), ('Texture', 'None'), ('init_rot', [17, 0, 0]), ('end_rot', [17, 0, 0]), ('Force', 'LENNARDJ'), ('disp_scale', 1.017), ('disp_depth', 0), ('glossID', 0), ('rigidID', 1), ('type_truncted', 1), ('type8way', -1), ('detail', -1), ('decisionNormalized', -0.514553014), ('obj_dir', 'validationSet_v7_movies/198.mp4')])
25.4511 	EXP 	Created shiny_ex_trials = MovieStim3(__class__=<class 'psychopy.visual.movie3.MovieStim3'>, anchor=('center', 'center'), autoLog=True, color=UNKNOWN, colorSpace=UNKNOWN, depth=-1.0, filename='validationSet_v7_movies/198.mp4', flipHoriz=False, flipVert=False, fps=UNKNOWN, interpolate=True, loop=True, name='shiny_ex_trials', noAudio=True, opacity=1, ori=method-wrapper(...), pos=array([0., 0.]), size=None, units='pix', vframe_callback=UNKNOWN, volume=UNKNOWN, win=Window(...))
25.6287 	WARNING 	0.17755730001954362: Video catchup needed, advancing self._nextFrameT from 0.0 to 0.04
25.6287 	WARNING 	0.1775912999873981: Video catchup needed, advancing self._nextFrameT from 0.04 to 0.08
25.6288 	WARNING 	0.17761870002141222: Video catchup needed, advancing self._nextFrameT from 0.08 to 0.12
25.6366 	EXP 	blank_100ms: autoDraw = False
25.6366 	EXP 	text_Matte: autoDraw = False
25.6366 	EXP 	shiny_ex_trials: autoLog = True
25.6366 	EXP 	shiny_ex_trials: movie = 'validationSet_v7_movies/198.mp4'
25.6366 	EXP 	shiny_ex_trials: ori = 0.0
25.6366 	EXP 	skip_text: text = "It is a SHINY object\n\nPress 'Space' to see next"
25.6366 	EXP 	shiny_ex_trials: autoDraw = True
25.6366 	EXP 	skip_text: autoDraw = True
26.0014 	DATA 	Keypress: space
26.0161 	EXP 	shiny_ex_trials: autoDraw = False
26.0161 	EXP 	skip_text: autoDraw = False
26.0161 	EXP 	blank_100ms: autoDraw = True
26.0161 	EXP 	text_Matte: autoDraw = True
26.0161 	EXP 	text_Matte: autoDraw = False
26.1158 	EXP 	blank_100ms: autoDraw = False
26.1833 	EXP 	New trial (rep=0, index=5): OrderedDict([('test_object', 85), ('true_type', 0), ('classified_as', 0), ('decision_value', -15.71420137), ('material_name', 'shiny_soft_machineShop_None_[63, 0, 0]_[63, 0, 0]_DRAG_1.378_1_13'), ('rigidity', 'soft'), ('glossiness', 'shiny'), ('decision_value_norm', -0.704297953), ('Glossiness', 'shiny'), ('Rigidity', 'soft'), ('Enviroment_Map', 'machineShop'), ('Texture', 'None'), ('init_rot', [63, 0, 0]), ('end_rot', [63, 0, 0]), ('Force', 'DRAG'), ('disp_scale', 1.378), ('disp_depth', 1), ('glossID', 0), ('rigidID', 1), ('type_truncted', 1), ('type8way', -1), ('detail', -1), ('decisionNormalized', -0.514355332), ('obj_dir', 'validationSet_v7_movies/85.mp4')])
26.1843 	EXP 	Created shiny_ex_trials = MovieStim3(__class__=<class 'psychopy.visual.movie3.MovieStim3'>, anchor=('center', 'center'), autoLog=True, color=UNKNOWN, colorSpace=UNKNOWN, depth=-1.0, filename='validationSet_v7_movies/85.mp4', flipHoriz=False, flipVert=False, fps=UNKNOWN, interpolate=True, loop=True, name='shiny_ex_trials', noAudio=True, opacity=1, ori=method-wrapper(...), pos=array([0., 0.]), size=None, units='pix', vframe_callback=UNKNOWN, volume=UNKNOWN, win=Window(...))
26.3588 	WARNING 	0.1743947000359185: Video catchup needed, advancing self._nextFrameT from 0.0 to 0.04
26.3588 	WARNING 	0.17443290003575385: Video catchup needed, advancing self._nextFrameT from 0.04 to 0.08
26.3588 	WARNING 	0.17444850003812462: Video catchup needed, advancing self._nextFrameT from 0.08 to 0.12
26.3662 	EXP 	blank_100ms: autoDraw = False
26.3662 	EXP 	text_Matte: autoDraw = False
26.3662 	EXP 	shiny_ex_trials: autoLog = True
26.3662 	EXP 	shiny_ex_trials: movie = 'validationSet_v7_movies/85.mp4'
26.3662 	EXP 	shiny_ex_trials: ori = 0.0
26.3662 	EXP 	skip_text: text = "It is a SHINY object\n\nPress 'Space' to see next"
26.3662 	EXP 	shiny_ex_trials: autoDraw = True
26.3662 	EXP 	skip_text: autoDraw = True
26.6852 	DATA 	Keypress: space
26.6992 	EXP 	shiny_ex_trials: autoDraw = False
26.6992 	EXP 	skip_text: autoDraw = False
26.6992 	EXP 	blank_100ms: autoDraw = True
26.6992 	EXP 	text_Matte: autoDraw = True
26.6992 	EXP 	text_Matte: autoDraw = False
26.7992 	EXP 	blank_100ms: autoDraw = False
26.8668 	EXP 	New trial (rep=0, index=6): OrderedDict([('test_object', 178), ('true_type', 0), ('classified_as', 0), ('decision_value', -15.53711197), ('material_name', 'shiny_soft_castel_None_[13, 0, 0]_[13, 0, 0]_FLUID_1.982_1_16'), ('rigidity', 'soft'), ('glossiness', 'shiny'), ('decision_value_norm', -0.697774445), ('Glossiness', 'shiny'), ('Rigidity', 'soft'), ('Enviroment_Map', 'castel'), ('Texture', 'None'), ('init_rot', [13, 0, 0]), ('end_rot', [13, 0, 0]), ('Force', 'FLUID'), ('disp_scale', 1.982), ('disp_depth', 1), ('glossID', 0), ('rigidID', 1), ('type_truncted', 1), ('type8way', -1), ('detail', -1), ('decisionNormalized', -0.508558864), ('obj_dir', 'validationSet_v7_movies/178.mp4')])
26.8685 	EXP 	Created shiny_ex_trials = MovieStim3(__class__=<class 'psychopy.visual.movie3.MovieStim3'>, anchor=('center', 'center'), autoLog=True, color=UNKNOWN, colorSpace=UNKNOWN, depth=-1.0, filename='validationSet_v7_movies/178.mp4', flipHoriz=False, flipVert=False, fps=UNKNOWN, interpolate=True, loop=True, name='shiny_ex_trials', noAudio=True, opacity=1, ori=method-wrapper(...), pos=array([0., 0.]), size=None, units='pix', vframe_callback=UNKNOWN, volume=UNKNOWN, win=Window(...))
27.0254 	WARNING 	0.1568840999971144: Video catchup needed, advancing self._nextFrameT from 0.0 to 0.04
27.0254 	WARNING 	0.15691760001936927: Video catchup needed, advancing self._nextFrameT from 0.04 to 0.08
27.0322 	EXP 	blank_100ms: autoDraw = False
27.0322 	EXP 	text_Matte: autoDraw = False
27.0322 	EXP 	shiny_ex_trials: autoLog = True
27.0322 	EXP 	shiny_ex_trials: movie = 'validationSet_v7_movies/178.mp4'
27.0322 	EXP 	shiny_ex_trials: ori = 0.0
27.0322 	EXP 	skip_text: text = "It is a SHINY object\n\nPress 'Space' to see next"
27.0322 	EXP 	shiny_ex_trials: autoDraw = True
27.0322 	EXP 	skip_text: autoDraw = True
27.3015 	DATA 	Keypress: space
27.3160 	EXP 	shiny_ex_trials: autoDraw = False
27.3160 	EXP 	skip_text: autoDraw = False
27.3160 	EXP 	blank_100ms: autoDraw = True
27.3160 	EXP 	text_Matte: autoDraw = True
27.3160 	EXP 	text_Matte: autoDraw = False
27.4162 	EXP 	blank_100ms: autoDraw = False
27.5003 	EXP 	New trial (rep=0, index=7): OrderedDict([('test_object', 95), ('true_type', 0), ('classified_as', 0), ('decision_value', -15.26719597), ('material_name', 'shiny_soft_machineShop_None_[16, 0, 0]_[16, 0, 0]_LENNARDJ_1.597_1_10'), ('rigidity', 'soft'), ('glossiness', 'shiny'), ('decision_value_norm', -0.687831448), ('Glossiness', 'shiny'), ('Rigidity', 'soft'), ('Enviroment_Map', 'machineShop'), ('Texture', 'None'), ('init_rot', [16, 0, 0]), ('end_rot', [16, 0, 0]), ('Force', 'LENNARDJ'), ('disp_scale', 1.597), ('disp_depth', 1), ('glossID', 0), ('rigidID', 1), ('type_truncted', 1), ('type8way', -1), ('detail', -1), ('decisionNormalized', -0.499724006), ('obj_dir', 'validationSet_v7_movies/95.mp4')])
27.5011 	EXP 	Created shiny_ex_trials = MovieStim3(__class__=<class 'psychopy.visual.movie3.MovieStim3'>, anchor=('center', 'center'), autoLog=True, color=UNKNOWN, colorSpace=UNKNOWN, depth=-1.0, filename='validationSet_v7_movies/95.mp4', flipHoriz=False, flipVert=False, fps=UNKNOWN, interpolate=True, loop=True, name='shiny_ex_trials', noAudio=True, opacity=1, ori=method-wrapper(...), pos=array([0., 0.]), size=None, units='pix', vframe_callback=UNKNOWN, volume=UNKNOWN, win=Window(...))
27.6521 	WARNING 	0.1510382000124082: Video catchup needed, advancing self._nextFrameT from 0.0 to 0.04
27.6522 	WARNING 	0.15107020002324134: Video catchup needed, advancing self._nextFrameT from 0.04 to 0.08
27.6583 	EXP 	blank_100ms: autoDraw = False
27.6583 	EXP 	text_Matte: autoDraw = False
27.6583 	EXP 	shiny_ex_trials: autoLog = True
27.6583 	EXP 	shiny_ex_trials: movie = 'validationSet_v7_movies/95.mp4'
27.6583 	EXP 	shiny_ex_trials: ori = 0.0
27.6583 	EXP 	skip_text: text = "It is a SHINY object\n\nPress 'Space' to see next"
27.6583 	EXP 	shiny_ex_trials: autoDraw = True
27.6583 	EXP 	skip_text: autoDraw = True
27.9191 	DATA 	Keypress: space
27.9329 	EXP 	shiny_ex_trials: autoDraw = False
27.9329 	EXP 	skip_text: autoDraw = False
27.9329 	EXP 	blank_100ms: autoDraw = True
27.9329 	EXP 	text_Matte: autoDraw = True
27.9329 	EXP 	text_Matte: autoDraw = False
28.0331 	EXP 	blank_100ms: autoDraw = False
28.1008 	EXP 	New trial (rep=0, index=8): OrderedDict([('test_object', 1), ('true_type', 0), ('classified_as', 0), ('decision_value', -15.14654874), ('material_name', 'shiny_soft_uffizi_None_[9, 0, 0]_[9, 0, 0]_LENNARDJ_1.258_1_9'), ('rigidity', 'soft'), ('glossiness', 'shiny'), ('decision_value_norm', -0.683387121), ('Glossiness', 'shiny'), ('Rigidity', 'soft'), ('Enviroment_Map', 'uffizi'), ('Texture', 'None'), ('init_rot', [9, 0, 0]), ('end_rot', [9, 0, 0]), ('Force', 'LENNARDJ'), ('disp_scale', 1.258), ('disp_depth', 1), ('glossID', 0), ('rigidID', 1), ('type_truncted', 1), ('type8way', -1), ('detail', -1), ('decisionNormalized', -0.495774995), ('obj_dir', 'validationSet_v7_movies/1.mp4')])
28.1020 	EXP 	Created shiny_ex_trials = MovieStim3(__class__=<class 'psychopy.visual.movie3.MovieStim3'>, anchor=('center', 'center'), autoLog=True, color=UNKNOWN, colorSpace=UNKNOWN, depth=-1.0, filename='validationSet_v7_movies/1.mp4', flipHoriz=False, flipVert=False, fps=UNKNOWN, interpolate=True, loop=True, name='shiny_ex_trials', noAudio=True, opacity=1, ori=method-wrapper(...), pos=array([0., 0.]), size=None, units='pix', vframe_callback=UNKNOWN, volume=UNKNOWN, win=Window(...))
28.2513 	WARNING 	0.14927880000323057: Video catchup needed, advancing self._nextFrameT from 0.0 to 0.04
28.2514 	WARNING 	0.1493246000027284: Video catchup needed, advancing self._nextFrameT from 0.04 to 0.08
28.2578 	EXP 	blank_100ms: autoDraw = False
28.2578 	EXP 	text_Matte: autoDraw = False
28.2578 	EXP 	shiny_ex_trials: autoLog = True
28.2578 	EXP 	shiny_ex_trials: movie = 'validationSet_v7_movies/1.mp4'
28.2578 	EXP 	shiny_ex_trials: ori = 0.0
28.2578 	EXP 	skip_text: text = "It is a SHINY object\n\nPress 'Space' to see next"
28.2578 	EXP 	shiny_ex_trials: autoDraw = True
28.2578 	EXP 	skip_text: autoDraw = True
28.5193 	DATA 	Keypress: space
28.5332 	EXP 	shiny_ex_trials: autoDraw = False
28.5332 	EXP 	skip_text: autoDraw = False
28.5332 	EXP 	blank_100ms: autoDraw = True
28.5332 	EXP 	text_Matte: autoDraw = True
28.5332 	EXP 	text_Matte: autoDraw = False
28.6333 	EXP 	blank_100ms: autoDraw = False
28.7011 	EXP 	New trial (rep=0, index=9): OrderedDict([('test_object', 25), ('true_type', 0), ('classified_as', 0), ('decision_value', -15.10047674), ('material_name', 'shiny_soft_uenoShrine_None_[64, 0, 0]_[64, 0, 0]_LENNARDJ_1.652_1_2'), ('rigidity', 'soft'), ('glossiness', 'shiny'), ('decision_value_norm', -0.68168995), ('Glossiness', 'shiny'), ('Rigidity', 'soft'), ('Enviroment_Map', 'uenoShrine'), ('Texture', 'None'), ('init_rot', [64, 0, 0]), ('end_rot', [64, 0, 0]), ('Force', 'LENNARDJ'), ('disp_scale', 1.652), ('disp_depth', 1), ('glossID', 0), ('rigidID', 1), ('type_truncted', 1), ('type8way', -1), ('detail', -1), ('decisionNormalized', -0.494266972), ('obj_dir', 'validationSet_v7_movies/25.mp4')])
28.7025 	EXP 	Created shiny_ex_trials = MovieStim3(__class__=<class 'psychopy.visual.movie3.MovieStim3'>, anchor=('center', 'center'), autoLog=True, color=UNKNOWN, colorSpace=UNKNOWN, depth=-1.0, filename='validationSet_v7_movies/25.mp4', flipHoriz=False, flipVert=False, fps=UNKNOWN, interpolate=True, loop=True, name='shiny_ex_trials', noAudio=True, opacity=1, ori=method-wrapper(...), pos=array([0., 0.]), size=None, units='pix', vframe_callback=UNKNOWN, volume=UNKNOWN, win=Window(...))
28.8548 	WARNING 	0.1522679000045173: Video catchup needed, advancing self._nextFrameT from 0.0 to 0.04
28.8548 	WARNING 	0.15230200003134087: Video catchup needed, advancing self._nextFrameT from 0.04 to 0.08
28.8613 	EXP 	blank_100ms: autoDraw = False
28.8613 	EXP 	text_Matte: autoDraw = False
28.8613 	EXP 	shiny_ex_trials: autoLog = True
28.8613 	EXP 	shiny_ex_trials: movie = 'validationSet_v7_movies/25.mp4'
28.8613 	EXP 	shiny_ex_trials: ori = 0.0
28.8613 	EXP 	skip_text: text = "It is a SHINY object\n\nPress 'Space' to see next"
28.8613 	EXP 	shiny_ex_trials: autoDraw = True
28.8613 	EXP 	skip_text: autoDraw = True
29.1364 	DATA 	Keypress: space
29.1501 	EXP 	shiny_ex_trials: autoDraw = False
29.1501 	EXP 	skip_text: autoDraw = False
29.1501 	EXP 	blank_100ms: autoDraw = True
29.1501 	EXP 	text_Matte: autoDraw = True
29.2504 	EXP 	blank_100ms: autoDraw = False
29.7704 	EXP 	New trial (rep=0, index=10): OrderedDict([('test_object', 411), ('true_type', 1), ('classified_as', 1), ('decision_value', 26.37777104), ('material_name', 'matte_soft_uffizi_uffizi_[43, 0, 0]_[43, 0, 0]_VORTEX_0.94_0_1'), ('rigidity', 'soft'), ('glossiness', 'matte'), ('decision_value_norm', 0.846259778), ('Glossiness', 'matte'), ('Rigidity', 'soft'), ('Enviroment_Map', 'uffizi'), ('Texture', 'uffizi'), ('init_rot', [43, 0, 0]), ('end_rot', [43, 0, 0]), ('Force', 'VORTEX'), ('disp_scale', 0.94), ('disp_depth', 0), ('glossID', 1), ('rigidID', 1), ('type_truncted', 4), ('type8way', -5), ('detail', -5), ('decisionNormalized', 0.846259778), ('obj_dir', 'validationSet_v7_movies/411.mp4')])
29.7726 	EXP 	Created shiny_ex_trials = MovieStim3(__class__=<class 'psychopy.visual.movie3.MovieStim3'>, anchor=('center', 'center'), autoLog=True, color=UNKNOWN, colorSpace=UNKNOWN, depth=-1.0, filename='validationSet_v7_movies/411.mp4', flipHoriz=False, flipVert=False, fps=UNKNOWN, interpolate=True, loop=True, name='shiny_ex_trials', noAudio=True, opacity=1, ori=method-wrapper(...), pos=array([0., 0.]), size=None, units='pix', vframe_callback=UNKNOWN, volume=UNKNOWN, win=Window(...))
29.9425 	WARNING 	0.16985329997260123: Video catchup needed, advancing self._nextFrameT from 0.0 to 0.04
29.9425 	WARNING 	0.16988449997734278: Video catchup needed, advancing self._nextFrameT from 0.04 to 0.08
29.9425 	WARNING 	0.169900199980475: Video catchup needed, advancing self._nextFrameT from 0.08 to 0.12
29.9505 	DATA 	Keypress: space
29.9535 	EXP 	blank_100ms: autoDraw = False
29.9535 	EXP 	text_Matte: autoDraw = False
29.9535 	EXP 	shiny_ex_trials: autoLog = True
29.9535 	EXP 	shiny_ex_trials: movie = 'validationSet_v7_movies/411.mp4'
29.9535 	EXP 	shiny_ex_trials: ori = 0.0
29.9535 	EXP 	skip_text: height = 0.03
29.9535 	EXP 	skip_text: height = 0.03
29.9535 	EXP 	skip_text: height = 0.03
29.9535 	EXP 	skip_text: text = "It is a MATTE object\n\nPress 'Space' to see next"
29.9535 	EXP 	shiny_ex_trials: autoDraw = True
29.9535 	EXP 	skip_text: autoDraw = True
30.7411 	DATA 	Keypress: space
30.7438 	EXP 	Set shiny_ex_trials finished
30.7482 	EXP 	shiny_ex_trials: autoDraw = False
30.7482 	EXP 	skip_text: autoDraw = False
30.7482 	EXP 	blank_100ms: autoDraw = True
30.7482 	EXP 	text_Matte: autoDraw = True
30.7482 	EXP 	text_Matte: autoDraw = False
30.8506 	EXP 	blank_100ms: autoDraw = False
30.9346 	EXP 	New trial (rep=0, index=11): OrderedDict([('test_object', 550), ('true_type', 1), ('classified_as', 1), ('decision_value', 26.99866936), ('material_name', 'matte_soft_galileo_galileo_[43, 0, 0]_[43, 0, 0]_LENNARDJ_1.696_2_1'), ('rigidity', 'soft'), ('glossiness', 'matte'), ('decision_value_norm', 0.869132042), ('Glossiness', 'matte'), ('Rigidity', 'soft'), ('Enviroment_Map', 'galileo'), ('Texture', 'galileo'), ('init_rot', [43, 0, 0]), ('end_rot', [43, 0, 0]), ('Force', 'LENNARDJ'), ('disp_scale', 1.696), ('disp_depth', 2), ('glossID', 1), ('rigidID', 1), ('type_truncted', 4), ('type8way', -5), ('detail', -5), ('decisionNormalized', 0.869132042), ('obj_dir', 'validationSet_v7_movies/550.mp4')])
30.9354 	EXP 	Created shiny_ex_trials = MovieStim3(__class__=<class 'psychopy.visual.movie3.MovieStim3'>, anchor=('center', 'center'), autoLog=True, color=UNKNOWN, colorSpace=UNKNOWN, depth=-1.0, filename='validationSet_v7_movies/550.mp4', flipHoriz=False, flipVert=False, fps=UNKNOWN, interpolate=True, loop=True, name='shiny_ex_trials', noAudio=True, opacity=1, ori=method-wrapper(...), pos=array([0., 0.]), size=None, units='pix', vframe_callback=UNKNOWN, volume=UNKNOWN, win=Window(...))
31.0807 	WARNING 	0.14518210000824183: Video catchup needed, advancing self._nextFrameT from 0.0 to 0.04
31.0807 	WARNING 	0.14521220000460744: Video catchup needed, advancing self._nextFrameT from 0.04 to 0.08
31.0869 	EXP 	blank_100ms: autoDraw = False
31.0869 	EXP 	text_Matte: autoDraw = False
31.0869 	EXP 	shiny_ex_trials: autoLog = True
31.0869 	EXP 	shiny_ex_trials: movie = 'validationSet_v7_movies/550.mp4'
31.0869 	EXP 	shiny_ex_trials: ori = 0.0
31.0869 	EXP 	skip_text: text = "It is a MATTE object\n\nPress 'Space' to see next"
31.0869 	EXP 	shiny_ex_trials: autoDraw = True
31.0869 	EXP 	skip_text: autoDraw = True
31.8362 	DATA 	Keypress: space
31.8510 	EXP 	shiny_ex_trials: autoDraw = False
31.8510 	EXP 	skip_text: autoDraw = False
31.8510 	EXP 	blank_100ms: autoDraw = True
31.8510 	EXP 	text_Matte: autoDraw = True
31.8510 	EXP 	text_Matte: autoDraw = False
31.9515 	EXP 	blank_100ms: autoDraw = False
32.0184 	EXP 	New trial (rep=0, index=12): OrderedDict([('test_object', 554), ('true_type', 1), ('classified_as', 1), ('decision_value', 27.33409186), ('material_name', 'matte_soft_galileo_galileo_[31, 0, 0]_[31, 0, 0]_GUIDE_1.805_1_1'), ('rigidity', 'soft'), ('glossiness', 'matte'), ('decision_value_norm', 0.881488126), ('Glossiness', 'matte'), ('Rigidity', 'soft'), ('Enviroment_Map', 'galileo'), ('Texture', 'galileo'), ('init_rot', [31, 0, 0]), ('end_rot', [31, 0, 0]), ('Force', 'GUIDE'), ('disp_scale', 1.805), ('disp_depth', 1), ('glossID', 1), ('rigidID', 1), ('type_truncted', 4), ('type8way', -5), ('detail', -5), ('decisionNormalized', 0.881488126), ('obj_dir', 'validationSet_v7_movies/554.mp4')])
32.0192 	EXP 	Created shiny_ex_trials = MovieStim3(__class__=<class 'psychopy.visual.movie3.MovieStim3'>, anchor=('center', 'center'), autoLog=True, color=UNKNOWN, colorSpace=UNKNOWN, depth=-1.0, filename='validationSet_v7_movies/554.mp4', flipHoriz=False, flipVert=False, fps=UNKNOWN, interpolate=True, loop=True, name='shiny_ex_trials', noAudio=True, opacity=1, ori=method-wrapper(...), pos=array([0., 0.]), size=None, units='pix', vframe_callback=UNKNOWN, volume=UNKNOWN, win=Window(...))
32.1662 	WARNING 	0.14704899996286258: Video catchup needed, advancing self._nextFrameT from 0.0 to 0.04
32.1663 	WARNING 	0.14708389999577776: Video catchup needed, advancing self._nextFrameT from 0.04 to 0.08
32.1725 	EXP 	blank_100ms: autoDraw = False
32.1725 	EXP 	text_Matte: autoDraw = False
32.1725 	EXP 	shiny_ex_trials: autoLog = True
32.1725 	EXP 	shiny_ex_trials: movie = 'validationSet_v7_movies/554.mp4'
32.1725 	EXP 	shiny_ex_trials: ori = 0.0
32.1725 	EXP 	skip_text: text = "It is a MATTE object\n\nPress 'Space' to see next"
32.1725 	EXP 	shiny_ex_trials: autoDraw = True
32.1725 	EXP 	skip_text: autoDraw = True
32.5537 	DATA 	Keypress: space
32.5679 	EXP 	shiny_ex_trials: autoDraw = False
32.5679 	EXP 	skip_text: autoDraw = False
32.5679 	EXP 	blank_100ms: autoDraw = True
32.5679 	EXP 	text_Matte: autoDraw = True
32.5679 	EXP 	text_Matte: autoDraw = False
32.6679 	EXP 	blank_100ms: autoDraw = False
32.7355 	EXP 	New trial (rep=0, index=13): OrderedDict([('test_object', 459), ('true_type', 1), ('classified_as', 1), ('decision_value', 27.34314276), ('material_name', 'matte_soft_royalEsp_royalEsp_[19, 0, 0]_[19, 0, 0]_GUIDE_1.477_0_1'), ('rigidity', 'soft'), ('glossiness', 'matte'), ('decision_value_norm', 0.881821537), ('Glossiness', 'matte'), ('Rigidity', 'soft'), ('Enviroment_Map', 'royalEsp'), ('Texture', 'royalEsp'), ('init_rot', [19, 0, 0]), ('end_rot', [19, 0, 0]), ('Force', 'GUIDE'), ('disp_scale', 1.477), ('disp_depth', 0), ('glossID', 1), ('rigidID', 1), ('type_truncted', 4), ('type8way', -5), ('detail', -5), ('decisionNormalized', 0.881821537), ('obj_dir', 'validationSet_v7_movies/459.mp4')])
32.7364 	EXP 	Created shiny_ex_trials = MovieStim3(__class__=<class 'psychopy.visual.movie3.MovieStim3'>, anchor=('center', 'center'), autoLog=True, color=UNKNOWN, colorSpace=UNKNOWN, depth=-1.0, filename='validationSet_v7_movies/459.mp4', flipHoriz=False, flipVert=False, fps=UNKNOWN, interpolate=True, loop=True, name='shiny_ex_trials', noAudio=True, opacity=1, ori=method-wrapper(...), pos=array([0., 0.]), size=None, units='pix', vframe_callback=UNKNOWN, volume=UNKNOWN, win=Window(...))
32.8885 	WARNING 	0.15205929998774081: Video catchup needed, advancing self._nextFrameT from 0.0 to 0.04
32.8885 	WARNING 	0.15209019999019802: Video catchup needed, advancing self._nextFrameT from 0.04 to 0.08
32.8938 	EXP 	blank_100ms: autoDraw = False
32.8938 	EXP 	text_Matte: autoDraw = False
32.8938 	EXP 	shiny_ex_trials: autoLog = True
32.8938 	EXP 	shiny_ex_trials: movie = 'validationSet_v7_movies/459.mp4'
32.8938 	EXP 	shiny_ex_trials: ori = 0.0
32.8938 	EXP 	skip_text: text = "It is a MATTE object\n\nPress 'Space' to see next"
32.8938 	EXP 	shiny_ex_trials: autoDraw = True
32.8938 	EXP 	skip_text: autoDraw = True
33.2871 	DATA 	Keypress: space
33.3015 	EXP 	shiny_ex_trials: autoDraw = False
33.3015 	EXP 	skip_text: autoDraw = False
33.3015 	EXP 	blank_100ms: autoDraw = True
33.3015 	EXP 	text_Matte: autoDraw = True
33.3015 	EXP 	text_Matte: autoDraw = False
33.4015 	EXP 	blank_100ms: autoDraw = False
33.4691 	EXP 	New trial (rep=0, index=14): OrderedDict([('test_object', 566), ('true_type', 1), ('classified_as', 1), ('decision_value', 28.59093694), ('material_name', 'matte_soft_castel_castel_[55, 0, 0]_[55, 0, 0]_CHARGE_1.086_0_1'), ('rigidity', 'soft'), ('glossiness', 'matte'), ('decision_value_norm', 0.927786998), ('Glossiness', 'matte'), ('Rigidity', 'soft'), ('Enviroment_Map', 'castel'), ('Texture', 'castel'), ('init_rot', [55, 0, 0]), ('end_rot', [55, 0, 0]), ('Force', 'CHARGE'), ('disp_scale', 1.086), ('disp_depth', 0), ('glossID', 1), ('rigidID', 1), ('type_truncted', 4), ('type8way', -5), ('detail', -5), ('decisionNormalized', 0.927786998), ('obj_dir', 'validationSet_v7_movies/566.mp4')])
33.4882 	EXP 	Created shiny_ex_trials = MovieStim3(__class__=<class 'psychopy.visual.movie3.MovieStim3'>, anchor=('center', 'center'), autoLog=True, color=UNKNOWN, colorSpace=UNKNOWN, depth=-1.0, filename='validationSet_v7_movies/566.mp4', flipHoriz=False, flipVert=False, fps=UNKNOWN, interpolate=True, loop=True, name='shiny_ex_trials', noAudio=True, opacity=1, ori=method-wrapper(...), pos=array([0., 0.]), size=None, units='pix', vframe_callback=UNKNOWN, volume=UNKNOWN, win=Window(...))
33.6274 	WARNING 	0.1391610000282526: Video catchup needed, advancing self._nextFrameT from 0.0 to 0.04
33.6274 	WARNING 	0.13919580000219867: Video catchup needed, advancing self._nextFrameT from 0.04 to 0.08
33.6336 	EXP 	blank_100ms: autoDraw = False
33.6336 	EXP 	text_Matte: autoDraw = False
33.6336 	EXP 	shiny_ex_trials: autoLog = True
33.6336 	EXP 	shiny_ex_trials: movie = 'validationSet_v7_movies/566.mp4'
33.6336 	EXP 	shiny_ex_trials: ori = 0.0
33.6336 	EXP 	skip_text: text = "It is a MATTE object\n\nPress 'Space' to see next"
33.6336 	EXP 	shiny_ex_trials: autoDraw = True
33.6336 	EXP 	skip_text: autoDraw = True
33.9207 	DATA 	Keypress: space
33.9351 	EXP 	shiny_ex_trials: autoDraw = False
33.9351 	EXP 	skip_text: autoDraw = False
33.9351 	EXP 	blank_100ms: autoDraw = True
33.9351 	EXP 	text_Matte: autoDraw = True
33.9351 	EXP 	text_Matte: autoDraw = False
34.0352 	EXP 	blank_100ms: autoDraw = False
34.1026 	EXP 	New trial (rep=0, index=15): OrderedDict([('test_object', 581), ('true_type', 1), ('classified_as', 1), ('decision_value', 28.61694269), ('material_name', 'matte_soft_abandoned_abandoned_[82, 0, 0]_[82, 0, 0]_FORCE_0.988_0_1'), ('rigidity', 'soft'), ('glossiness', 'matte'), ('decision_value_norm', 0.928744981), ('Glossiness', 'matte'), ('Rigidity', 'soft'), ('Enviroment_Map', 'abandoned'), ('Texture', 'abandoned'), ('init_rot', [82, 0, 0]), ('end_rot', [82, 0, 0]), ('Force', 'FORCE'), ('disp_scale', 0.988), ('disp_depth', 0), ('glossID', 1), ('rigidID', 1), ('type_truncted', 4), ('type8way', -5), ('detail', -5), ('decisionNormalized', 0.928744981), ('obj_dir', 'validationSet_v7_movies/581.mp4')])
34.1033 	EXP 	Created shiny_ex_trials = MovieStim3(__class__=<class 'psychopy.visual.movie3.MovieStim3'>, anchor=('center', 'center'), autoLog=True, color=UNKNOWN, colorSpace=UNKNOWN, depth=-1.0, filename='validationSet_v7_movies/581.mp4', flipHoriz=False, flipVert=False, fps=UNKNOWN, interpolate=True, loop=True, name='shiny_ex_trials', noAudio=True, opacity=1, ori=method-wrapper(...), pos=array([0., 0.]), size=None, units='pix', vframe_callback=UNKNOWN, volume=UNKNOWN, win=Window(...))
34.2676 	WARNING 	0.16429040004732087: Video catchup needed, advancing self._nextFrameT from 0.0 to 0.04
34.2677 	WARNING 	0.16434050002135336: Video catchup needed, advancing self._nextFrameT from 0.04 to 0.08
34.2677 	WARNING 	0.16437110002152622: Video catchup needed, advancing self._nextFrameT from 0.08 to 0.12
34.2758 	EXP 	blank_100ms: autoDraw = False
34.2758 	EXP 	text_Matte: autoDraw = False
34.2758 	EXP 	shiny_ex_trials: autoLog = True
34.2758 	EXP 	shiny_ex_trials: movie = 'validationSet_v7_movies/581.mp4'
34.2758 	EXP 	shiny_ex_trials: ori = 0.0
34.2758 	EXP 	skip_text: text = "It is a MATTE object\n\nPress 'Space' to see next"
34.2758 	EXP 	shiny_ex_trials: autoDraw = True
34.2758 	EXP 	skip_text: autoDraw = True
34.5539 	DATA 	Keypress: space
34.5685 	EXP 	shiny_ex_trials: autoDraw = False
34.5685 	EXP 	skip_text: autoDraw = False
34.5685 	EXP 	blank_100ms: autoDraw = True
34.5685 	EXP 	text_Matte: autoDraw = True
34.5685 	EXP 	text_Matte: autoDraw = False
34.6689 	EXP 	blank_100ms: autoDraw = False
34.7361 	EXP 	New trial (rep=0, index=16): OrderedDict([('test_object', 543), ('true_type', 1), ('classified_as', 1), ('decision_value', 28.85661333), ('material_name', 'matte_soft_galileo_galileo_[8, 0, 0]_[8, 0, 0]_GUIDE_1.6_1_1'), ('rigidity', 'soft'), ('glossiness', 'matte'), ('decision_value_norm', 0.937573819), ('Glossiness', 'matte'), ('Rigidity', 'soft'), ('Enviroment_Map', 'galileo'), ('Texture', 'galileo'), ('init_rot', [8, 0, 0]), ('end_rot', [8, 0, 0]), ('Force', 'GUIDE'), ('disp_scale', 1.6), ('disp_depth', 1), ('glossID', 1), ('rigidID', 1), ('type_truncted', 4), ('type8way', -5), ('detail', -5), ('decisionNormalized', 0.937573819), ('obj_dir', 'validationSet_v7_movies/543.mp4')])
34.7370 	EXP 	Created shiny_ex_trials = MovieStim3(__class__=<class 'psychopy.visual.movie3.MovieStim3'>, anchor=('center', 'center'), autoLog=True, color=UNKNOWN, colorSpace=UNKNOWN, depth=-1.0, filename='validationSet_v7_movies/543.mp4', flipHoriz=False, flipVert=False, fps=UNKNOWN, interpolate=True, loop=True, name='shiny_ex_trials', noAudio=True, opacity=1, ori=method-wrapper(...), pos=array([0., 0.]), size=None, units='pix', vframe_callback=UNKNOWN, volume=UNKNOWN, win=Window(...))
34.8866 	WARNING 	0.14952929998980835: Video catchup needed, advancing self._nextFrameT from 0.0 to 0.04
34.8866 	WARNING 	0.14956639998126775: Video catchup needed, advancing self._nextFrameT from 0.04 to 0.08
34.8928 	EXP 	blank_100ms: autoDraw = False
34.8928 	EXP 	text_Matte: autoDraw = False
34.8928 	EXP 	shiny_ex_trials: autoLog = True
34.8928 	EXP 	shiny_ex_trials: movie = 'validationSet_v7_movies/543.mp4'
34.8928 	EXP 	shiny_ex_trials: ori = 0.0
34.8928 	EXP 	skip_text: text = "It is a MATTE object\n\nPress 'Space' to see next"
34.8928 	EXP 	shiny_ex_trials: autoDraw = True
34.8928 	EXP 	skip_text: autoDraw = True
35.1877 	DATA 	Keypress: space
35.2023 	EXP 	shiny_ex_trials: autoDraw = False
35.2023 	EXP 	skip_text: autoDraw = False
35.2023 	EXP 	blank_100ms: autoDraw = True
35.2023 	EXP 	text_Matte: autoDraw = True
35.2023 	EXP 	text_Matte: autoDraw = False
35.3025 	EXP 	blank_100ms: autoDraw = False
35.3698 	EXP 	New trial (rep=0, index=17): OrderedDict([('test_object', 484), ('true_type', 1), ('classified_as', 1), ('decision_value', 29.38493915), ('material_name', 'matte_soft_machineShop_machineShop_[85, 0, 0]_[85, 0, 0]_DRAG_1.938_1_1'), ('rigidity', 'soft'), ('glossiness', 'matte'), ('decision_value_norm', 0.957035954), ('Glossiness', 'matte'), ('Rigidity', 'soft'), ('Enviroment_Map', 'machineShop'), ('Texture', 'machineShop'), ('init_rot', [85, 0, 0]), ('end_rot', [85, 0, 0]), ('Force', 'DRAG'), ('disp_scale', 1.938), ('disp_depth', 1), ('glossID', 1), ('rigidID', 1), ('type_truncted', 4), ('type8way', -5), ('detail', -5), ('decisionNormalized', 0.957035954), ('obj_dir', 'validationSet_v7_movies/484.mp4')])
35.3705 	EXP 	Created shiny_ex_trials = MovieStim3(__class__=<class 'psychopy.visual.movie3.MovieStim3'>, anchor=('center', 'center'), autoLog=True, color=UNKNOWN, colorSpace=UNKNOWN, depth=-1.0, filename='validationSet_v7_movies/484.mp4', flipHoriz=False, flipVert=False, fps=UNKNOWN, interpolate=True, loop=True, name='shiny_ex_trials', noAudio=True, opacity=1, ori=method-wrapper(...), pos=array([0., 0.]), size=None, units='pix', vframe_callback=UNKNOWN, volume=UNKNOWN, win=Window(...))
35.5226 	WARNING 	0.1520050999824889: Video catchup needed, advancing self._nextFrameT from 0.0 to 0.04
35.5226 	WARNING 	0.1520363999879919: Video catchup needed, advancing self._nextFrameT from 0.04 to 0.08
35.5286 	EXP 	blank_100ms: autoDraw = False
35.5286 	EXP 	text_Matte: autoDraw = False
35.5286 	EXP 	shiny_ex_trials: autoLog = True
35.5286 	EXP 	shiny_ex_trials: movie = 'validationSet_v7_movies/484.mp4'
35.5286 	EXP 	shiny_ex_trials: ori = 0.0
35.5286 	EXP 	skip_text: text = "It is a MATTE object\n\nPress 'Space' to see next"
35.5286 	EXP 	shiny_ex_trials: autoDraw = True
35.5286 	EXP 	skip_text: autoDraw = True
35.8211 	DATA 	Keypress: space
35.8359 	EXP 	shiny_ex_trials: autoDraw = False
35.8359 	EXP 	skip_text: autoDraw = False
35.8359 	EXP 	blank_100ms: autoDraw = True
35.8359 	EXP 	text_Matte: autoDraw = True
35.8359 	EXP 	text_Matte: autoDraw = False
35.9357 	EXP 	blank_100ms: autoDraw = False
36.0033 	EXP 	New trial (rep=0, index=18): OrderedDict([('test_object', 506), ('true_type', 1), ('classified_as', 1), ('decision_value', 29.92559133), ('material_name', 'matte_soft_lobby_lobby_[60, 0, 0]_[60, 0, 0]_VORTEX_0.94_0_1'), ('rigidity', 'soft'), ('glossiness', 'matte'), ('decision_value_norm', 0.976952161), ('Glossiness', 'matte'), ('Rigidity', 'soft'), ('Enviroment_Map', 'lobby'), ('Texture', 'lobby'), ('init_rot', [60, 0, 0]), ('end_rot', [60, 0, 0]), ('Force', 'VORTEX'), ('disp_scale', 0.94), ('disp_depth', 0), ('glossID', 1), ('rigidID', 1), ('type_truncted', 4), ('type8way', -5), ('detail', -5), ('decisionNormalized', 0.976952161), ('obj_dir', 'validationSet_v7_movies/506.mp4')])
36.0041 	EXP 	Created shiny_ex_trials = MovieStim3(__class__=<class 'psychopy.visual.movie3.MovieStim3'>, anchor=('center', 'center'), autoLog=True, color=UNKNOWN, colorSpace=UNKNOWN, depth=-1.0, filename='validationSet_v7_movies/506.mp4', flipHoriz=False, flipVert=False, fps=UNKNOWN, interpolate=True, loop=True, name='shiny_ex_trials', noAudio=True, opacity=1, ori=method-wrapper(...), pos=array([0., 0.]), size=None, units='pix', vframe_callback=UNKNOWN, volume=UNKNOWN, win=Window(...))
36.1505 	WARNING 	0.14629190001869574: Video catchup needed, advancing self._nextFrameT from 0.0 to 0.04
36.1505 	WARNING 	0.146323700028006: Video catchup needed, advancing self._nextFrameT from 0.04 to 0.08
36.1562 	EXP 	blank_100ms: autoDraw = False
36.1562 	EXP 	text_Matte: autoDraw = False
36.1562 	EXP 	shiny_ex_trials: autoLog = True
36.1562 	EXP 	shiny_ex_trials: movie = 'validationSet_v7_movies/506.mp4'
36.1562 	EXP 	shiny_ex_trials: ori = 0.0
36.1562 	EXP 	skip_text: text = "It is a MATTE object\n\nPress 'Space' to see next"
36.1562 	EXP 	shiny_ex_trials: autoDraw = True
36.1562 	EXP 	skip_text: autoDraw = True
36.4715 	DATA 	Keypress: space
36.4862 	EXP 	shiny_ex_trials: autoDraw = False
36.4862 	EXP 	skip_text: autoDraw = False
36.4862 	EXP 	blank_100ms: autoDraw = True
36.4862 	EXP 	text_Matte: autoDraw = True
36.4862 	EXP 	text_Matte: autoDraw = False
36.5862 	EXP 	blank_100ms: autoDraw = False
36.6536 	EXP 	New trial (rep=0, index=19): OrderedDict([('test_object', 568), ('true_type', 1), ('classified_as', 1), ('decision_value', 30.55125588), ('material_name', 'matte_soft_castel_castel_[43, 0, 0]_[43, 0, 0]_FLUID_1.945_1_1'), ('rigidity', 'soft'), ('glossiness', 'matte'), ('decision_value_norm', 1.0), ('Glossiness', 'matte'), ('Rigidity', 'soft'), ('Enviroment_Map', 'castel'), ('Texture', 'castel'), ('init_rot', [43, 0, 0]), ('end_rot', [43, 0, 0]), ('Force', 'FLUID'), ('disp_scale', 1.945), ('disp_depth', 1), ('glossID', 1), ('rigidID', 1), ('type_truncted', 4), ('type8way', -5), ('detail', -5), ('decisionNormalized', 1.0), ('obj_dir', 'validationSet_v7_movies/568.mp4')])
36.6544 	EXP 	Created shiny_ex_trials = MovieStim3(__class__=<class 'psychopy.visual.movie3.MovieStim3'>, anchor=('center', 'center'), autoLog=True, color=UNKNOWN, colorSpace=UNKNOWN, depth=-1.0, filename='validationSet_v7_movies/568.mp4', flipHoriz=False, flipVert=False, fps=UNKNOWN, interpolate=True, loop=True, name='shiny_ex_trials', noAudio=True, opacity=1, ori=method-wrapper(...), pos=array([0., 0.]), size=None, units='pix', vframe_callback=UNKNOWN, volume=UNKNOWN, win=Window(...))
36.8077 	WARNING 	0.15325420000590384: Video catchup needed, advancing self._nextFrameT from 0.0 to 0.04
36.8077 	WARNING 	0.1532911999966018: Video catchup needed, advancing self._nextFrameT from 0.04 to 0.08
36.8139 	EXP 	blank_100ms: autoDraw = False
36.8139 	EXP 	text_Matte: autoDraw = False
36.8139 	EXP 	shiny_ex_trials: autoLog = True
36.8139 	EXP 	shiny_ex_trials: movie = 'validationSet_v7_movies/568.mp4'
36.8139 	EXP 	shiny_ex_trials: ori = 0.0
36.8139 	EXP 	skip_text: text = "It is a MATTE object\n\nPress 'Space' to see next"
36.8139 	EXP 	shiny_ex_trials: autoDraw = True
36.8139 	EXP 	skip_text: autoDraw = True
37.1058 	DATA 	Keypress: space
37.1369 	EXP 	shiny_ex_trials: autoDraw = False
37.1369 	EXP 	skip_text: autoDraw = False
37.1369 	EXP 	blank_100ms: autoDraw = True
37.1369 	EXP 	text_Matte: autoDraw = True
37.1369 	EXP 	text_Matte: autoDraw = False
37.2366 	EXP 	blank_100ms: autoDraw = False
37.3201 	EXP 	blank_100ms: autoDraw = False
37.3201 	EXP 	text_Matte: autoDraw = False
37.3201 	EXP 	remindText: autoDraw = True
38.8894 	DATA 	Keypress: escape
40.7424 	EXP 	window1: mouseVisible = True
